2024-10-22 12:50:33.952 [info] Added views:outline in workbench.view.explorer
2024-10-22 12:50:33.952 [info] Added views:workbench.view.search in workbench.view.search
2024-10-22 12:50:33.952 [info] Added views:workbench.scm in workbench.view.scm
2024-10-22 12:50:33.952 [info] Added views:workbench.panel.markers.view in workbench.panel.markers
2024-10-22 12:50:33.952 [info] Added views:workbench.panel.output in workbench.panel.output
2024-10-22 12:50:33.952 [info] Added views:terminal in terminal
2024-10-22 12:50:33.952 [info] Added views:timeline in workbench.view.explorer
2024-10-22 12:50:33.952 [info] Added views:workbench.explorer.fileView in workbench.view.explorer
2024-10-22 12:50:34.340 [info] Added views:workbench.debug.welcome in workbench.view.debug
2024-10-22 12:50:35.940 [info] Added views:dockerContainers,dockerImages,dockerRegistries,dockerNetworks,dockerVolumes,vscode-docker.views.dockerContexts,vscode-docker.views.help in workbench.view.extension.dockerView
2024-10-22 12:50:35.941 [info] Added views:targetsContainers,devVolumes in workbench.view.remote
2024-10-22 12:50:36.101 [info] Added views:~remote.forwardedPorts in ~remote.forwardedPortsContainer
2024-10-22 12:50:36.526 [info] Added views:workbench.panel.repl.view in workbench.panel.repl
2024-10-22 12:50:40.209 [info] Added views:workbench.scm.history in workbench.view.scm
2024-10-22 13:54:36.702 [info] Added views:~remote.helpPanel in workbench.view.remote
2024-10-22 13:54:39.911 [info] Added views:workbench.views.extensions.installed,workbench.views.extensions.popular,extensions.recommendedList in workbench.view.extensions
2024-10-22 13:54:39.949 [info] Removed views:workbench.views.extensions.popular from workbench.view.extensions
2024-10-22 13:54:43.820 [info] Removed views:extensions.recommendedList,workbench.views.extensions.installed from workbench.view.extensions
2024-10-22 13:54:43.853 [info] Added views:workbench.views.extensions.marketplace in workbench.view.extensions
2024-10-22 13:56:26.840 [info] Removed views:workbench.scm.history from workbench.view.scm
