2024-10-23 16:57:00.497 [info] Extension host with pid 279437 started
2024-10-23 16:57:00.497 [info] Skipping acquiring lock for /projects/green-cabs-rwanda/~/.vscode-root/User/workspaceStorage/ffe50417eb32a8f41c60636aa174a5ae.
2024-10-23 16:57:01.688 [info] ExtensionService#_doActivateExtension vscode.emmet, startup: false, activationEvent: 'onLanguage'
2024-10-23 16:57:01.734 [info] ExtensionService#_doActivateExtension vscode.typescript-language-features, startup: false, activationEvent: 'onLanguage:typescript'
2024-10-23 16:57:03.019 [info] ExtensionService#_doActivateExtension vscode.git-base, startup: true, activationEvent: '*', root cause: vscode.git
2024-10-23 16:57:03.040 [info] ExtensionService#_doActivateExtension vscode.npm, startup: true, activationEvent: 'workspaceContains:package.json'
2024-10-23 16:57:03.239 [info] ExtensionService#_doActivateExtension vscode.git, startup: true, activationEvent: '*'
2024-10-23 16:57:03.808 [info] ExtensionService#_doActivateExtension vscode.github, startup: true, activationEvent: '*'
2024-10-23 16:57:04.438 [info] Eager extensions activated
2024-10-23 16:57:05.332 [info] ExtensionService#_doActivateExtension vscode.debug-auto-launch, startup: false, activationEvent: 'onStartupFinished'
2024-10-23 16:57:05.336 [info] ExtensionService#_doActivateExtension vscode.merge-conflict, startup: false, activationEvent: 'onStartupFinished'
2024-10-23 16:57:05.577 [info] ExtensionService#_doActivateExtension ms-vscode-remote.remote-containers, startup: false, activationEvent: 'onStartupFinished'
2024-10-23 16:57:06.768 [warning] [Decorations] CAPPING events from decorations provider vscode.git 400
2024-10-23 16:57:07.704 [info] ExtensionService#_doActivateExtension vscode.github-authentication, startup: false, activationEvent: 'onAuthenticationRequest:github'
2024-10-23 16:57:08.689 [warning] [Decorations] CAPPING events from decorations provider vscode.git 402
2024-10-23 16:57:10.153 [info] ExtensionService#_doActivateExtension vscode.configuration-editing, startup: false, activationEvent: 'onLanguage:json'
2024-10-23 16:57:10.225 [info] ExtensionService#_doActivateExtension vscode.extension-editing, startup: false, activationEvent: 'onLanguage:json'
2024-10-23 16:57:10.268 [info] ExtensionService#_doActivateExtension vscode.json-language-features, startup: false, activationEvent: 'onLanguage:json'
2024-10-23 16:58:13.692 [info] ExtensionService#_doActivateExtension vscode.css-language-features, startup: false, activationEvent: 'onLanguage:scss'
2024-10-23 17:01:13.906 [warning] [Decorations] CAPPING events from decorations provider vscode.git 442
2024-10-23 17:01:19.032 [warning] [Decorations] CAPPING events from decorations provider vscode.git 442
2024-10-23 17:01:24.108 [warning] [Decorations] CAPPING events from decorations provider vscode.git 442
2024-10-23 17:01:29.217 [warning] [Decorations] CAPPING events from decorations provider vscode.git 442
2024-10-23 17:01:34.295 [warning] [Decorations] CAPPING events from decorations provider vscode.git 442
2024-10-23 17:01:39.390 [warning] [Decorations] CAPPING events from decorations provider vscode.git 442
2024-10-23 17:02:04.174 [warning] [Decorations] CAPPING events from decorations provider vscode.git 442
2024-10-23 17:02:09.289 [warning] [Decorations] CAPPING events from decorations provider vscode.git 442
2024-10-23 17:02:14.358 [warning] [Decorations] CAPPING events from decorations provider vscode.git 442
2024-10-23 17:02:19.457 [warning] [Decorations] CAPPING events from decorations provider vscode.git 442
2024-10-23 17:02:24.534 [warning] [Decorations] CAPPING events from decorations provider vscode.git 443
2024-10-23 17:02:29.658 [warning] [Decorations] CAPPING events from decorations provider vscode.git 444
2024-10-23 17:02:34.792 [warning] [Decorations] CAPPING events from decorations provider vscode.git 442
2024-10-23 17:02:39.882 [warning] [Decorations] CAPPING events from decorations provider vscode.git 442
2024-10-23 17:02:44.971 [warning] [Decorations] CAPPING events from decorations provider vscode.git 442
2024-10-23 17:02:50.088 [warning] [Decorations] CAPPING events from decorations provider vscode.git 442
2024-10-23 17:02:55.162 [warning] [Decorations] CAPPING events from decorations provider vscode.git 442
2024-10-23 17:04:00.768 [warning] [Decorations] CAPPING events from decorations provider vscode.git 444
2024-10-23 17:04:05.875 [warning] [Decorations] CAPPING events from decorations provider vscode.git 444
2024-10-23 17:08:25.603 [warning] [Decorations] CAPPING events from decorations provider vscode.git 444
2024-10-23 17:08:30.682 [warning] [Decorations] CAPPING events from decorations provider vscode.git 444
2024-10-23 17:09:17.247 [warning] [Decorations] CAPPING events from decorations provider vscode.git 444
2024-10-23 17:09:22.349 [warning] [Decorations] CAPPING events from decorations provider vscode.git 444
2024-10-23 17:09:27.406 [warning] [Decorations] CAPPING events from decorations provider vscode.git 444
2024-10-23 17:10:19.313 [warning] [Decorations] CAPPING events from decorations provider vscode.git 444
2024-10-23 17:10:24.416 [warning] [Decorations] CAPPING events from decorations provider vscode.git 444
2024-10-23 17:10:29.519 [warning] [Decorations] CAPPING events from decorations provider vscode.git 444
2024-10-23 17:10:34.594 [warning] [Decorations] CAPPING events from decorations provider vscode.git 444
2024-10-23 17:10:39.716 [warning] [Decorations] CAPPING events from decorations provider vscode.git 444
2024-10-23 17:10:44.814 [warning] [Decorations] CAPPING events from decorations provider vscode.git 444
2024-10-23 17:10:49.879 [warning] [Decorations] CAPPING events from decorations provider vscode.git 444
2024-10-23 17:13:05.671 [warning] [Decorations] CAPPING events from decorations provider vscode.git 445
2024-10-23 17:13:10.777 [warning] [Decorations] CAPPING events from decorations provider vscode.git 445
2024-10-23 17:13:15.865 [warning] [Decorations] CAPPING events from decorations provider vscode.git 446
2024-10-23 17:13:20.940 [warning] [Decorations] CAPPING events from decorations provider vscode.git 446
2024-10-23 17:13:26.028 [warning] [Decorations] CAPPING events from decorations provider vscode.git 446
2024-10-23 17:13:42.553 [warning] [Decorations] CAPPING events from decorations provider vscode.git 446
2024-10-23 17:13:47.650 [warning] [Decorations] CAPPING events from decorations provider vscode.git 446
2024-10-23 17:13:52.715 [warning] [Decorations] CAPPING events from decorations provider vscode.git 446
2024-10-23 17:13:57.850 [warning] [Decorations] CAPPING events from decorations provider vscode.git 447
2024-10-23 17:14:02.928 [warning] [Decorations] CAPPING events from decorations provider vscode.git 447
2024-10-23 17:14:08.022 [warning] [Decorations] CAPPING events from decorations provider vscode.git 447
2024-10-23 17:14:13.105 [warning] [Decorations] CAPPING events from decorations provider vscode.git 447
2024-10-23 17:14:18.225 [warning] [Decorations] CAPPING events from decorations provider vscode.git 449
2024-10-23 17:14:23.285 [warning] [Decorations] CAPPING events from decorations provider vscode.git 449
2024-10-23 17:14:28.380 [warning] [Decorations] CAPPING events from decorations provider vscode.git 449
2024-10-23 17:14:33.467 [warning] [Decorations] CAPPING events from decorations provider vscode.git 449
2024-10-23 17:14:38.568 [warning] [Decorations] CAPPING events from decorations provider vscode.git 449
2024-10-23 17:14:43.688 [warning] [Decorations] CAPPING events from decorations provider vscode.git 449
2024-10-23 17:14:48.774 [warning] [Decorations] CAPPING events from decorations provider vscode.git 449
2024-10-23 17:14:53.876 [warning] [Decorations] CAPPING events from decorations provider vscode.git 449
2024-10-23 17:14:58.970 [warning] [Decorations] CAPPING events from decorations provider vscode.git 449
2024-10-23 17:15:04.131 [warning] [Decorations] CAPPING events from decorations provider vscode.git 449
2024-10-23 17:15:19.340 [warning] [Decorations] CAPPING events from decorations provider vscode.git 449
2024-10-23 17:16:43.227 [warning] [Decorations] CAPPING events from decorations provider vscode.git 451
2024-10-23 17:16:48.355 [warning] [Decorations] CAPPING events from decorations provider vscode.git 449
2024-10-23 17:16:53.453 [warning] [Decorations] CAPPING events from decorations provider vscode.git 449
2024-10-23 17:16:58.522 [warning] [Decorations] CAPPING events from decorations provider vscode.git 449
2024-10-23 17:17:03.579 [warning] [Decorations] CAPPING events from decorations provider vscode.git 449
2024-10-23 17:17:08.664 [warning] [Decorations] CAPPING events from decorations provider vscode.git 449
2024-10-23 17:17:13.757 [warning] [Decorations] CAPPING events from decorations provider vscode.git 449
2024-10-23 17:17:18.829 [warning] [Decorations] CAPPING events from decorations provider vscode.git 449
2024-10-23 17:19:08.951 [warning] [Decorations] CAPPING events from decorations provider vscode.git 449
2024-10-23 17:19:14.021 [warning] [Decorations] CAPPING events from decorations provider vscode.git 449
2024-10-23 17:20:02.929 [warning] [Decorations] CAPPING events from decorations provider vscode.git 449
2024-10-23 17:20:08.031 [warning] [Decorations] CAPPING events from decorations provider vscode.git 449
2024-10-23 17:20:13.126 [warning] [Decorations] CAPPING events from decorations provider vscode.git 449
2024-10-23 17:20:18.241 [warning] [Decorations] CAPPING events from decorations provider vscode.git 449
2024-10-23 17:21:52.348 [warning] [Decorations] CAPPING events from decorations provider vscode.git 449
2024-10-23 17:21:57.472 [warning] [Decorations] CAPPING events from decorations provider vscode.git 449
2024-10-23 17:22:02.535 [warning] [Decorations] CAPPING events from decorations provider vscode.git 449
2024-10-23 17:22:07.624 [warning] [Decorations] CAPPING events from decorations provider vscode.git 449
2024-10-23 17:22:12.699 [warning] [Decorations] CAPPING events from decorations provider vscode.git 451
2024-10-23 17:22:17.765 [warning] [Decorations] CAPPING events from decorations provider vscode.git 451
2024-10-23 17:22:22.894 [warning] [Decorations] CAPPING events from decorations provider vscode.git 451
2024-10-23 17:22:28.000 [warning] [Decorations] CAPPING events from decorations provider vscode.git 451
2024-10-23 17:22:33.119 [warning] [Decorations] CAPPING events from decorations provider vscode.git 451
2024-10-23 17:22:38.224 [warning] [Decorations] CAPPING events from decorations provider vscode.git 451
2024-10-23 17:22:43.308 [warning] [Decorations] CAPPING events from decorations provider vscode.git 451
2024-10-23 17:22:48.400 [warning] [Decorations] CAPPING events from decorations provider vscode.git 451
2024-10-23 17:22:53.519 [warning] [Decorations] CAPPING events from decorations provider vscode.git 451
2024-10-23 17:22:58.661 [warning] [Decorations] CAPPING events from decorations provider vscode.git 451
2024-10-23 17:23:03.732 [warning] [Decorations] CAPPING events from decorations provider vscode.git 451
2024-10-23 17:23:08.832 [warning] [Decorations] CAPPING events from decorations provider vscode.git 451
2024-10-23 17:23:13.910 [warning] [Decorations] CAPPING events from decorations provider vscode.git 451
2024-10-23 17:23:18.991 [warning] [Decorations] CAPPING events from decorations provider vscode.git 451
2024-10-23 17:23:33.701 [warning] [Decorations] CAPPING events from decorations provider vscode.git 451
2024-10-23 17:23:38.841 [warning] [Decorations] CAPPING events from decorations provider vscode.git 451
2024-10-23 17:25:25.854 [warning] [Decorations] CAPPING events from decorations provider vscode.git 451
2024-10-23 17:25:30.966 [warning] [Decorations] CAPPING events from decorations provider vscode.git 451
2024-10-23 17:26:55.447 [warning] [Decorations] CAPPING events from decorations provider vscode.git 451
2024-10-23 17:27:00.570 [warning] [Decorations] CAPPING events from decorations provider vscode.git 452
2024-10-23 17:27:05.656 [warning] [Decorations] CAPPING events from decorations provider vscode.git 450
2024-10-23 17:27:10.744 [warning] [Decorations] CAPPING events from decorations provider vscode.git 450
2024-10-23 17:27:15.821 [warning] [Decorations] CAPPING events from decorations provider vscode.git 450
2024-10-23 17:27:20.918 [warning] [Decorations] CAPPING events from decorations provider vscode.git 450
2024-10-23 17:27:26.037 [warning] [Decorations] CAPPING events from decorations provider vscode.git 450
2024-10-23 17:27:31.132 [warning] [Decorations] CAPPING events from decorations provider vscode.git 450
2024-10-23 17:27:36.204 [warning] [Decorations] CAPPING events from decorations provider vscode.git 450
2024-10-23 17:29:56.851 [warning] [Decorations] CAPPING events from decorations provider vscode.git 451
2024-10-23 17:30:01.943 [warning] [Decorations] CAPPING events from decorations provider vscode.git 451
2024-10-23 17:30:07.037 [warning] [Decorations] CAPPING events from decorations provider vscode.git 451
2024-10-23 17:30:12.119 [warning] [Decorations] CAPPING events from decorations provider vscode.git 451
2024-10-23 17:30:17.225 [warning] [Decorations] CAPPING events from decorations provider vscode.git 451
2024-10-23 17:30:22.343 [warning] [Decorations] CAPPING events from decorations provider vscode.git 451
2024-10-23 17:32:33.892 [warning] [Decorations] CAPPING events from decorations provider vscode.git 455
2024-10-23 17:32:39.019 [warning] [Decorations] CAPPING events from decorations provider vscode.git 455
2024-10-23 18:32:21.678 [warning] [Decorations] CAPPING events from decorations provider vscode.git 455
2024-10-23 18:32:26.802 [warning] [Decorations] CAPPING events from decorations provider vscode.git 455
2024-10-23 18:32:31.999 [warning] [Decorations] CAPPING events from decorations provider vscode.git 455
2024-10-23 18:32:37.081 [warning] [Decorations] CAPPING events from decorations provider vscode.git 455
2024-10-23 18:32:42.149 [warning] [Decorations] CAPPING events from decorations provider vscode.git 455
2024-10-23 18:32:52.608 [warning] [Decorations] CAPPING events from decorations provider vscode.git 455
2024-10-23 18:32:57.677 [warning] [Decorations] CAPPING events from decorations provider vscode.git 455
2024-10-23 18:33:03.449 [warning] [Decorations] CAPPING events from decorations provider vscode.git 455
2024-10-23 18:33:08.503 [warning] [Decorations] CAPPING events from decorations provider vscode.git 455
2024-10-23 18:33:13.598 [warning] [Decorations] CAPPING events from decorations provider vscode.git 455
2024-10-23 18:33:18.851 [warning] [Decorations] CAPPING events from decorations provider vscode.git 455
2024-10-23 18:33:23.949 [warning] [Decorations] CAPPING events from decorations provider vscode.git 455
2024-10-23 18:33:29.057 [warning] [Decorations] CAPPING events from decorations provider vscode.git 455
2024-10-23 18:33:34.120 [warning] [Decorations] CAPPING events from decorations provider vscode.git 455
2024-10-23 18:33:39.209 [warning] [Decorations] CAPPING events from decorations provider vscode.git 455
2024-10-23 18:33:44.330 [warning] [Decorations] CAPPING events from decorations provider vscode.git 455
2024-10-23 18:33:49.414 [warning] [Decorations] CAPPING events from decorations provider vscode.git 455
2024-10-23 18:33:54.506 [warning] [Decorations] CAPPING events from decorations provider vscode.git 455
2024-10-23 18:33:59.645 [warning] [Decorations] CAPPING events from decorations provider vscode.git 455
2024-10-23 18:34:04.797 [warning] [Decorations] CAPPING events from decorations provider vscode.git 455
2024-10-23 18:34:09.886 [warning] [Decorations] CAPPING events from decorations provider vscode.git 455
2024-10-23 18:34:15.014 [warning] [Decorations] CAPPING events from decorations provider vscode.git 455
2024-10-23 18:34:20.097 [warning] [Decorations] CAPPING events from decorations provider vscode.git 455
2024-10-23 18:34:41.777 [warning] [Decorations] CAPPING events from decorations provider vscode.git 455
2024-10-23 18:34:46.860 [warning] [Decorations] CAPPING events from decorations provider vscode.git 455
2024-10-23 18:34:51.956 [warning] [Decorations] CAPPING events from decorations provider vscode.git 456
2024-10-23 18:34:57.045 [warning] [Decorations] CAPPING events from decorations provider vscode.git 457
2024-10-23 18:37:39.747 [warning] [Decorations] CAPPING events from decorations provider vscode.git 459
2024-10-23 18:37:44.821 [warning] [Decorations] CAPPING events from decorations provider vscode.git 457
2024-10-23 18:38:09.977 [warning] [Decorations] CAPPING events from decorations provider vscode.git 457
2024-10-23 18:38:15.122 [warning] [Decorations] CAPPING events from decorations provider vscode.git 457
2024-10-23 18:38:20.204 [warning] [Decorations] CAPPING events from decorations provider vscode.git 457
2024-10-23 18:38:25.284 [warning] [Decorations] CAPPING events from decorations provider vscode.git 457
2024-10-23 18:38:30.430 [warning] [Decorations] CAPPING events from decorations provider vscode.git 457
2024-10-23 18:38:35.501 [warning] [Decorations] CAPPING events from decorations provider vscode.git 457
2024-10-23 18:38:40.579 [warning] [Decorations] CAPPING events from decorations provider vscode.git 457
2024-10-23 18:38:45.633 [warning] [Decorations] CAPPING events from decorations provider vscode.git 457
2024-10-23 18:38:50.734 [warning] [Decorations] CAPPING events from decorations provider vscode.git 457
2024-10-23 18:38:55.893 [warning] [Decorations] CAPPING events from decorations provider vscode.git 457
2024-10-23 18:39:00.959 [warning] [Decorations] CAPPING events from decorations provider vscode.git 457
2024-10-23 18:39:06.084 [warning] [Decorations] CAPPING events from decorations provider vscode.git 457
2024-10-23 18:39:11.233 [warning] [Decorations] CAPPING events from decorations provider vscode.git 457
2024-10-23 18:39:16.346 [warning] [Decorations] CAPPING events from decorations provider vscode.git 457
2024-10-23 18:39:21.531 [warning] [Decorations] CAPPING events from decorations provider vscode.git 457
2024-10-23 18:39:26.639 [warning] [Decorations] CAPPING events from decorations provider vscode.git 457
2024-10-23 18:39:31.719 [warning] [Decorations] CAPPING events from decorations provider vscode.git 457
2024-10-23 18:39:36.838 [warning] [Decorations] CAPPING events from decorations provider vscode.git 457
2024-10-23 18:39:41.969 [warning] [Decorations] CAPPING events from decorations provider vscode.git 457
2024-10-23 18:39:47.084 [warning] [Decorations] CAPPING events from decorations provider vscode.git 457
2024-10-23 18:39:52.165 [warning] [Decorations] CAPPING events from decorations provider vscode.git 457
2024-10-23 18:39:57.276 [warning] [Decorations] CAPPING events from decorations provider vscode.git 457
2024-10-23 18:40:02.369 [warning] [Decorations] CAPPING events from decorations provider vscode.git 457
2024-10-23 18:40:07.492 [warning] [Decorations] CAPPING events from decorations provider vscode.git 457
2024-10-23 18:40:12.596 [warning] [Decorations] CAPPING events from decorations provider vscode.git 457
2024-10-23 18:40:17.720 [warning] [Decorations] CAPPING events from decorations provider vscode.git 457
2024-10-23 18:40:22.797 [warning] [Decorations] CAPPING events from decorations provider vscode.git 457
2024-10-23 18:40:27.911 [warning] [Decorations] CAPPING events from decorations provider vscode.git 457
2024-10-23 18:40:32.994 [warning] [Decorations] CAPPING events from decorations provider vscode.git 457
2024-10-23 18:40:38.067 [warning] [Decorations] CAPPING events from decorations provider vscode.git 457
2024-10-23 18:40:43.119 [warning] [Decorations] CAPPING events from decorations provider vscode.git 457
2024-10-23 18:40:48.181 [warning] [Decorations] CAPPING events from decorations provider vscode.git 457
2024-10-23 18:40:53.273 [warning] [Decorations] CAPPING events from decorations provider vscode.git 457
2024-10-23 18:40:58.409 [warning] [Decorations] CAPPING events from decorations provider vscode.git 457
2024-10-23 18:41:11.607 [warning] [Decorations] CAPPING events from decorations provider vscode.git 457
2024-10-23 18:41:16.667 [warning] [Decorations] CAPPING events from decorations provider vscode.git 457
2024-10-23 18:41:21.815 [warning] [Decorations] CAPPING events from decorations provider vscode.git 457
2024-10-23 18:41:26.907 [warning] [Decorations] CAPPING events from decorations provider vscode.git 457
2024-10-23 18:41:38.560 [warning] [Decorations] CAPPING events from decorations provider vscode.git 457
2024-10-23 18:41:43.726 [warning] [Decorations] CAPPING events from decorations provider vscode.git 457
2024-10-23 18:41:48.823 [warning] [Decorations] CAPPING events from decorations provider vscode.git 459
2024-10-23 18:41:53.908 [warning] [Decorations] CAPPING events from decorations provider vscode.git 459
2024-10-23 18:42:04.885 [warning] [Decorations] CAPPING events from decorations provider vscode.git 459
2024-10-23 18:42:10.002 [warning] [Decorations] CAPPING events from decorations provider vscode.git 459
2024-10-23 18:42:15.098 [warning] [Decorations] CAPPING events from decorations provider vscode.git 460
2024-10-23 18:44:01.986 [warning] [Decorations] CAPPING events from decorations provider vscode.git 458
2024-10-23 18:44:07.087 [warning] [Decorations] CAPPING events from decorations provider vscode.git 458
2024-10-23 18:44:12.214 [warning] [Decorations] CAPPING events from decorations provider vscode.git 458
2024-10-23 18:44:17.343 [warning] [Decorations] CAPPING events from decorations provider vscode.git 458
2024-10-23 18:44:22.468 [warning] [Decorations] CAPPING events from decorations provider vscode.git 458
2024-10-23 18:44:27.600 [warning] [Decorations] CAPPING events from decorations provider vscode.git 458
2024-10-23 18:44:32.697 [warning] [Decorations] CAPPING events from decorations provider vscode.git 458
2024-10-23 18:44:37.803 [warning] [Decorations] CAPPING events from decorations provider vscode.git 458
2024-10-23 18:44:42.920 [warning] [Decorations] CAPPING events from decorations provider vscode.git 458
2024-10-23 18:44:48.065 [warning] [Decorations] CAPPING events from decorations provider vscode.git 458
2024-10-23 18:45:00.460 [warning] [Decorations] CAPPING events from decorations provider vscode.git 458
2024-10-23 18:45:05.593 [warning] [Decorations] CAPPING events from decorations provider vscode.git 458
2024-10-23 18:45:10.712 [warning] [Decorations] CAPPING events from decorations provider vscode.git 458
2024-10-23 18:45:15.902 [warning] [Decorations] CAPPING events from decorations provider vscode.git 458
2024-10-23 18:45:20.992 [warning] [Decorations] CAPPING events from decorations provider vscode.git 458
2024-10-23 18:45:26.079 [warning] [Decorations] CAPPING events from decorations provider vscode.git 458
2024-10-23 18:47:06.444 [warning] [Decorations] CAPPING events from decorations provider vscode.git 458
2024-10-23 18:47:11.517 [warning] [Decorations] CAPPING events from decorations provider vscode.git 458
2024-10-23 18:47:22.234 [warning] [Decorations] CAPPING events from decorations provider vscode.git 458
2024-10-23 18:47:27.345 [warning] [Decorations] CAPPING events from decorations provider vscode.git 458
2024-10-23 18:47:32.524 [warning] [Decorations] CAPPING events from decorations provider vscode.git 460
2024-10-23 18:47:37.640 [warning] [Decorations] CAPPING events from decorations provider vscode.git 460
2024-10-23 18:47:42.795 [warning] [Decorations] CAPPING events from decorations provider vscode.git 460
2024-10-23 18:47:47.874 [warning] [Decorations] CAPPING events from decorations provider vscode.git 460
2024-10-23 18:47:52.967 [warning] [Decorations] CAPPING events from decorations provider vscode.git 461
2024-10-23 18:47:58.059 [warning] [Decorations] CAPPING events from decorations provider vscode.git 459
2024-10-23 18:48:03.172 [warning] [Decorations] CAPPING events from decorations provider vscode.git 459
2024-10-23 18:48:08.256 [warning] [Decorations] CAPPING events from decorations provider vscode.git 459
2024-10-23 18:48:35.650 [warning] [Decorations] CAPPING events from decorations provider vscode.git 459
2024-10-23 18:48:40.775 [warning] [Decorations] CAPPING events from decorations provider vscode.git 459
2024-10-23 18:48:45.875 [warning] [Decorations] CAPPING events from decorations provider vscode.git 459
2024-10-23 18:51:20.485 [warning] [Decorations] CAPPING events from decorations provider vscode.git 459
2024-10-23 18:51:25.579 [warning] [Decorations] CAPPING events from decorations provider vscode.git 459
2024-10-23 18:51:30.715 [warning] [Decorations] CAPPING events from decorations provider vscode.git 459
2024-10-23 18:51:35.797 [warning] [Decorations] CAPPING events from decorations provider vscode.git 459
2024-10-23 18:51:40.850 [warning] [Decorations] CAPPING events from decorations provider vscode.git 461
2024-10-23 18:51:45.950 [warning] [Decorations] CAPPING events from decorations provider vscode.git 461
2024-10-23 18:51:51.055 [warning] [Decorations] CAPPING events from decorations provider vscode.git 461
2024-10-23 18:51:56.112 [warning] [Decorations] CAPPING events from decorations provider vscode.git 461
2024-10-23 18:52:01.223 [warning] [Decorations] CAPPING events from decorations provider vscode.git 461
2024-10-23 18:52:06.292 [warning] [Decorations] CAPPING events from decorations provider vscode.git 461
2024-10-23 18:52:11.391 [warning] [Decorations] CAPPING events from decorations provider vscode.git 461
2024-10-23 18:52:16.496 [warning] [Decorations] CAPPING events from decorations provider vscode.git 461
2024-10-23 18:52:21.554 [warning] [Decorations] CAPPING events from decorations provider vscode.git 461
2024-10-23 18:52:26.637 [warning] [Decorations] CAPPING events from decorations provider vscode.git 461
2024-10-23 18:52:31.727 [warning] [Decorations] CAPPING events from decorations provider vscode.git 461
2024-10-23 18:53:32.210 [warning] [Decorations] CAPPING events from decorations provider vscode.git 464
2024-10-23 18:53:37.418 [warning] [Decorations] CAPPING events from decorations provider vscode.git 462
2024-10-23 18:53:42.565 [warning] [Decorations] CAPPING events from decorations provider vscode.git 462
2024-10-23 18:53:47.714 [warning] [Decorations] CAPPING events from decorations provider vscode.git 462
2024-10-23 18:53:52.807 [warning] [Decorations] CAPPING events from decorations provider vscode.git 462
2024-10-23 18:53:57.888 [warning] [Decorations] CAPPING events from decorations provider vscode.git 462
2024-10-23 18:54:02.946 [warning] [Decorations] CAPPING events from decorations provider vscode.git 462
2024-10-23 18:54:08.013 [warning] [Decorations] CAPPING events from decorations provider vscode.git 462
2024-10-23 18:54:13.139 [warning] [Decorations] CAPPING events from decorations provider vscode.git 462
2024-10-23 18:54:18.247 [warning] [Decorations] CAPPING events from decorations provider vscode.git 462
2024-10-23 18:54:23.359 [warning] [Decorations] CAPPING events from decorations provider vscode.git 463
2024-10-23 18:54:28.435 [warning] [Decorations] CAPPING events from decorations provider vscode.git 464
2024-10-23 18:54:33.581 [warning] [Decorations] CAPPING events from decorations provider vscode.git 463
2024-10-23 18:55:57.440 [warning] [Decorations] CAPPING events from decorations provider vscode.git 463
2024-10-23 18:56:42.770 [warning] [Decorations] CAPPING events from decorations provider vscode.git 463
2024-10-23 18:56:47.878 [warning] [Decorations] CAPPING events from decorations provider vscode.git 463
2024-10-23 19:07:41.020 [warning] [Decorations] CAPPING events from decorations provider vscode.git 467
2024-10-23 19:07:46.106 [warning] [Decorations] CAPPING events from decorations provider vscode.git 467
2024-10-23 19:07:51.270 [warning] [Decorations] CAPPING events from decorations provider vscode.git 467
2024-10-23 19:07:56.352 [warning] [Decorations] CAPPING events from decorations provider vscode.git 467
2024-10-23 19:08:01.432 [warning] [Decorations] CAPPING events from decorations provider vscode.git 467
2024-10-23 19:08:06.544 [warning] [Decorations] CAPPING events from decorations provider vscode.git 467
2024-10-23 19:08:11.637 [warning] [Decorations] CAPPING events from decorations provider vscode.git 467
2024-10-23 19:08:16.734 [warning] [Decorations] CAPPING events from decorations provider vscode.git 467
2024-10-23 19:08:21.953 [warning] [Decorations] CAPPING events from decorations provider vscode.git 467
2024-10-23 19:08:27.024 [warning] [Decorations] CAPPING events from decorations provider vscode.git 467
2024-10-23 19:08:32.099 [warning] [Decorations] CAPPING events from decorations provider vscode.git 467
2024-10-23 19:08:37.197 [warning] [Decorations] CAPPING events from decorations provider vscode.git 467
2024-10-23 19:08:42.301 [warning] [Decorations] CAPPING events from decorations provider vscode.git 467
2024-10-23 19:08:47.406 [warning] [Decorations] CAPPING events from decorations provider vscode.git 467
2024-10-23 19:08:52.512 [warning] [Decorations] CAPPING events from decorations provider vscode.git 467
2024-10-23 19:08:57.665 [warning] [Decorations] CAPPING events from decorations provider vscode.git 467
2024-10-23 19:09:02.771 [warning] [Decorations] CAPPING events from decorations provider vscode.git 467
2024-10-23 19:10:42.800 [warning] [Decorations] CAPPING events from decorations provider vscode.git 467
2024-10-23 19:10:47.904 [warning] [Decorations] CAPPING events from decorations provider vscode.git 467
2024-10-23 19:10:52.986 [warning] [Decorations] CAPPING events from decorations provider vscode.git 467
2024-10-23 19:10:58.100 [warning] [Decorations] CAPPING events from decorations provider vscode.git 467
2024-10-23 19:11:03.196 [warning] [Decorations] CAPPING events from decorations provider vscode.git 467
2024-10-23 19:11:08.285 [warning] [Decorations] CAPPING events from decorations provider vscode.git 467
2024-10-23 19:11:13.394 [warning] [Decorations] CAPPING events from decorations provider vscode.git 467
2024-10-23 19:11:18.468 [warning] [Decorations] CAPPING events from decorations provider vscode.git 467
2024-10-23 19:11:23.587 [warning] [Decorations] CAPPING events from decorations provider vscode.git 467
2024-10-23 19:11:28.679 [warning] [Decorations] CAPPING events from decorations provider vscode.git 467
2024-10-23 19:14:23.869 [warning] [Decorations] CAPPING events from decorations provider vscode.git 467
2024-10-23 19:14:29.185 [warning] [Decorations] CAPPING events from decorations provider vscode.git 469
2024-10-23 19:14:34.300 [warning] [Decorations] CAPPING events from decorations provider vscode.git 469
2024-10-23 19:14:39.381 [warning] [Decorations] CAPPING events from decorations provider vscode.git 469
2024-10-23 19:14:44.479 [warning] [Decorations] CAPPING events from decorations provider vscode.git 469
2024-10-23 19:14:49.586 [warning] [Decorations] CAPPING events from decorations provider vscode.git 469
2024-10-23 19:14:54.715 [warning] [Decorations] CAPPING events from decorations provider vscode.git 469
2024-10-23 19:14:59.869 [warning] [Decorations] CAPPING events from decorations provider vscode.git 469
2024-10-23 19:15:05.302 [warning] [Decorations] CAPPING events from decorations provider vscode.git 469
2024-10-23 19:15:11.797 [warning] [Decorations] CAPPING events from decorations provider vscode.git 469
2024-10-23 19:15:16.932 [warning] [Decorations] CAPPING events from decorations provider vscode.git 469
2024-10-23 19:15:22.021 [warning] [Decorations] CAPPING events from decorations provider vscode.git 469
2024-10-23 19:15:27.265 [warning] [Decorations] CAPPING events from decorations provider vscode.git 469
2024-10-23 19:15:32.359 [warning] [Decorations] CAPPING events from decorations provider vscode.git 469
2024-10-23 19:15:37.558 [warning] [Decorations] CAPPING events from decorations provider vscode.git 469
2024-10-23 19:15:46.228 [warning] [Decorations] CAPPING events from decorations provider vscode.git 469
2024-10-23 19:15:51.304 [warning] [Decorations] CAPPING events from decorations provider vscode.git 469
2024-10-23 19:15:56.398 [warning] [Decorations] CAPPING events from decorations provider vscode.git 469
2024-10-23 19:16:01.535 [warning] [Decorations] CAPPING events from decorations provider vscode.git 469
2024-10-23 19:16:33.423 [warning] [Decorations] CAPPING events from decorations provider vscode.git 469
2024-10-23 19:16:50.936 [warning] [Decorations] CAPPING events from decorations provider vscode.git 469
2024-10-23 19:16:58.193 [warning] [Decorations] CAPPING events from decorations provider vscode.git 469
2024-10-23 19:17:03.326 [warning] [Decorations] CAPPING events from decorations provider vscode.git 471
2024-10-23 19:17:08.436 [warning] [Decorations] CAPPING events from decorations provider vscode.git 469
2024-10-23 19:17:13.593 [warning] [Decorations] CAPPING events from decorations provider vscode.git 469
2024-10-23 19:17:18.884 [warning] [Decorations] CAPPING events from decorations provider vscode.git 469
2024-10-23 19:17:24.029 [warning] [Decorations] CAPPING events from decorations provider vscode.git 469
2024-10-23 19:20:53.111 [warning] [Decorations] CAPPING events from decorations provider vscode.git 469
2024-10-23 19:20:58.226 [warning] [Decorations] CAPPING events from decorations provider vscode.git 469
2024-10-23 19:22:00.677 [warning] [Decorations] CAPPING events from decorations provider vscode.git 472
2024-10-23 19:22:05.835 [warning] [Decorations] CAPPING events from decorations provider vscode.git 472
2024-10-23 19:22:11.809 [warning] [Decorations] CAPPING events from decorations provider vscode.git 472
2024-10-23 19:22:16.914 [warning] [Decorations] CAPPING events from decorations provider vscode.git 472
2024-10-23 19:22:54.511 [warning] [Decorations] CAPPING events from decorations provider vscode.git 472
2024-10-23 19:22:59.641 [warning] [Decorations] CAPPING events from decorations provider vscode.git 472
2024-10-23 19:23:04.846 [warning] [Decorations] CAPPING events from decorations provider vscode.git 472
2024-10-23 19:23:09.979 [warning] [Decorations] CAPPING events from decorations provider vscode.git 472
2024-10-23 19:23:15.072 [warning] [Decorations] CAPPING events from decorations provider vscode.git 472
2024-10-23 19:23:49.826 [warning] [Decorations] CAPPING events from decorations provider vscode.git 472
2024-10-23 19:23:54.941 [warning] [Decorations] CAPPING events from decorations provider vscode.git 472
2024-10-23 19:24:00.035 [warning] [Decorations] CAPPING events from decorations provider vscode.git 472
2024-10-23 19:24:05.161 [warning] [Decorations] CAPPING events from decorations provider vscode.git 472
2024-10-23 19:24:10.264 [warning] [Decorations] CAPPING events from decorations provider vscode.git 472
2024-10-23 19:24:25.353 [warning] [Decorations] CAPPING events from decorations provider vscode.git 472
2024-10-23 19:24:30.501 [warning] [Decorations] CAPPING events from decorations provider vscode.git 473
2024-10-23 19:27:15.574 [warning] [Decorations] CAPPING events from decorations provider vscode.git 471
2024-10-23 19:27:20.704 [warning] [Decorations] CAPPING events from decorations provider vscode.git 471
2024-10-23 19:27:25.883 [warning] [Decorations] CAPPING events from decorations provider vscode.git 471
2024-10-23 19:27:30.985 [warning] [Decorations] CAPPING events from decorations provider vscode.git 471
2024-10-23 19:27:36.079 [warning] [Decorations] CAPPING events from decorations provider vscode.git 471
2024-10-23 19:27:41.171 [warning] [Decorations] CAPPING events from decorations provider vscode.git 471
2024-10-23 19:27:46.283 [warning] [Decorations] CAPPING events from decorations provider vscode.git 471
2024-10-23 19:27:51.393 [warning] [Decorations] CAPPING events from decorations provider vscode.git 471
2024-10-23 19:27:56.473 [warning] [Decorations] CAPPING events from decorations provider vscode.git 471
2024-10-23 19:28:01.587 [warning] [Decorations] CAPPING events from decorations provider vscode.git 471
2024-10-23 19:28:06.712 [warning] [Decorations] CAPPING events from decorations provider vscode.git 471
2024-10-23 19:28:11.823 [warning] [Decorations] CAPPING events from decorations provider vscode.git 471
2024-10-23 19:32:28.935 [warning] [Decorations] CAPPING events from decorations provider vscode.git 475
2024-10-23 19:32:34.052 [warning] [Decorations] CAPPING events from decorations provider vscode.git 475
2024-10-23 19:32:39.167 [warning] [Decorations] CAPPING events from decorations provider vscode.git 475
2024-10-23 19:32:44.301 [warning] [Decorations] CAPPING events from decorations provider vscode.git 476
2024-10-23 19:33:40.494 [warning] [Decorations] CAPPING events from decorations provider vscode.git 477
2024-10-23 19:33:45.632 [warning] [Decorations] CAPPING events from decorations provider vscode.git 476
2024-10-23 19:33:50.727 [warning] [Decorations] CAPPING events from decorations provider vscode.git 476
2024-10-23 19:34:09.613 [warning] [Decorations] CAPPING events from decorations provider vscode.git 477
2024-10-23 19:34:14.746 [warning] [Decorations] CAPPING events from decorations provider vscode.git 477
2024-10-23 19:34:19.827 [warning] [Decorations] CAPPING events from decorations provider vscode.git 477
2024-10-23 19:34:24.945 [warning] [Decorations] CAPPING events from decorations provider vscode.git 477
2024-10-23 19:34:30.060 [warning] [Decorations] CAPPING events from decorations provider vscode.git 483
2024-10-23 19:34:35.159 [warning] [Decorations] CAPPING events from decorations provider vscode.git 483
2024-10-23 19:34:40.252 [warning] [Decorations] CAPPING events from decorations provider vscode.git 483
2024-10-23 19:34:45.365 [warning] [Decorations] CAPPING events from decorations provider vscode.git 483
2024-10-23 19:34:50.486 [warning] [Decorations] CAPPING events from decorations provider vscode.git 483
2024-10-23 19:34:55.601 [warning] [Decorations] CAPPING events from decorations provider vscode.git 483
2024-10-23 19:35:00.681 [warning] [Decorations] CAPPING events from decorations provider vscode.git 483
2024-10-23 19:49:56.425 [warning] [Decorations] CAPPING events from decorations provider vscode.git 487
2024-10-23 19:50:01.508 [warning] [Decorations] CAPPING events from decorations provider vscode.git 487
2024-10-23 19:50:53.032 [warning] [Decorations] CAPPING events from decorations provider vscode.git 488
2024-10-23 19:50:58.158 [warning] [Decorations] CAPPING events from decorations provider vscode.git 488
2024-10-23 19:51:03.234 [warning] [Decorations] CAPPING events from decorations provider vscode.git 488
2024-10-23 19:51:08.540 [warning] [Decorations] CAPPING events from decorations provider vscode.git 489
2024-10-23 19:51:13.642 [warning] [Decorations] CAPPING events from decorations provider vscode.git 489
2024-10-23 19:51:18.810 [warning] [Decorations] CAPPING events from decorations provider vscode.git 490
2024-10-23 19:52:04.309 [warning] [Decorations] CAPPING events from decorations provider vscode.git 491
2024-10-23 19:52:09.482 [warning] [Decorations] CAPPING events from decorations provider vscode.git 492
2024-10-23 19:52:14.559 [warning] [Decorations] CAPPING events from decorations provider vscode.git 492
2024-10-23 19:52:19.779 [warning] [Decorations] CAPPING events from decorations provider vscode.git 493
2024-10-23 20:31:47.600 [warning] [Decorations] CAPPING events from decorations provider vscode.git 500
2024-10-23 20:31:52.705 [warning] [Decorations] CAPPING events from decorations provider vscode.git 498
2024-10-23 20:31:57.781 [warning] [Decorations] CAPPING events from decorations provider vscode.git 498
2024-10-23 21:37:46.846 [warning] [Decorations] CAPPING events from decorations provider vscode.git 498
2024-10-23 21:37:52.033 [warning] [Decorations] CAPPING events from decorations provider vscode.git 498
2024-10-23 21:37:57.126 [warning] [Decorations] CAPPING events from decorations provider vscode.git 498
2024-10-23 21:38:02.235 [warning] [Decorations] CAPPING events from decorations provider vscode.git 498
2024-10-23 21:38:07.337 [warning] [Decorations] CAPPING events from decorations provider vscode.git 498
2024-10-23 21:38:12.439 [warning] [Decorations] CAPPING events from decorations provider vscode.git 498
2024-10-23 21:38:17.578 [warning] [Decorations] CAPPING events from decorations provider vscode.git 498
2024-10-23 21:38:22.666 [warning] [Decorations] CAPPING events from decorations provider vscode.git 498
2024-10-23 21:38:27.746 [warning] [Decorations] CAPPING events from decorations provider vscode.git 498
2024-10-23 21:38:32.856 [warning] [Decorations] CAPPING events from decorations provider vscode.git 498
2024-10-23 21:38:37.980 [warning] [Decorations] CAPPING events from decorations provider vscode.git 498
2024-10-23 21:38:43.082 [warning] [Decorations] CAPPING events from decorations provider vscode.git 498
2024-10-23 21:38:48.202 [warning] [Decorations] CAPPING events from decorations provider vscode.git 498
2024-10-23 21:38:53.324 [warning] [Decorations] CAPPING events from decorations provider vscode.git 498
2024-10-23 21:38:58.403 [warning] [Decorations] CAPPING events from decorations provider vscode.git 498
2024-10-23 21:39:03.745 [warning] [Decorations] CAPPING events from decorations provider vscode.git 498
2024-10-23 21:39:08.851 [warning] [Decorations] CAPPING events from decorations provider vscode.git 498
2024-10-23 21:39:13.975 [warning] [Decorations] CAPPING events from decorations provider vscode.git 498
2024-10-23 21:39:19.076 [warning] [Decorations] CAPPING events from decorations provider vscode.git 498
2024-10-23 21:39:24.254 [warning] [Decorations] CAPPING events from decorations provider vscode.git 498
2024-10-23 21:39:29.346 [warning] [Decorations] CAPPING events from decorations provider vscode.git 498
2024-10-23 21:39:34.465 [warning] [Decorations] CAPPING events from decorations provider vscode.git 498
2024-10-23 21:39:39.638 [warning] [Decorations] CAPPING events from decorations provider vscode.git 498
2024-10-23 21:39:44.738 [warning] [Decorations] CAPPING events from decorations provider vscode.git 498
2024-10-23 21:39:49.851 [warning] [Decorations] CAPPING events from decorations provider vscode.git 498
2024-10-23 21:39:54.946 [warning] [Decorations] CAPPING events from decorations provider vscode.git 498
2024-10-23 21:40:00.025 [warning] [Decorations] CAPPING events from decorations provider vscode.git 498
2024-10-23 21:40:05.166 [warning] [Decorations] CAPPING events from decorations provider vscode.git 498
2024-10-23 21:40:10.267 [warning] [Decorations] CAPPING events from decorations provider vscode.git 498
2024-10-23 21:40:15.359 [warning] [Decorations] CAPPING events from decorations provider vscode.git 498
2024-10-23 21:40:20.449 [warning] [Decorations] CAPPING events from decorations provider vscode.git 498
2024-10-23 21:40:25.573 [warning] [Decorations] CAPPING events from decorations provider vscode.git 498
2024-10-23 21:40:30.688 [warning] [Decorations] CAPPING events from decorations provider vscode.git 498
2024-10-23 21:40:35.802 [warning] [Decorations] CAPPING events from decorations provider vscode.git 498
2024-10-23 21:40:40.915 [warning] [Decorations] CAPPING events from decorations provider vscode.git 498
2024-10-23 21:40:46.005 [warning] [Decorations] CAPPING events from decorations provider vscode.git 498
2024-10-23 21:40:51.107 [warning] [Decorations] CAPPING events from decorations provider vscode.git 498
2024-10-23 21:40:56.226 [warning] [Decorations] CAPPING events from decorations provider vscode.git 498
2024-10-23 21:41:01.328 [warning] [Decorations] CAPPING events from decorations provider vscode.git 498
2024-10-23 21:41:06.432 [warning] [Decorations] CAPPING events from decorations provider vscode.git 498
2024-10-23 21:41:11.517 [warning] [Decorations] CAPPING events from decorations provider vscode.git 498
2024-10-23 21:41:16.622 [warning] [Decorations] CAPPING events from decorations provider vscode.git 498
2024-10-23 21:41:21.707 [warning] [Decorations] CAPPING events from decorations provider vscode.git 498
2024-10-23 21:41:26.784 [warning] [Decorations] CAPPING events from decorations provider vscode.git 498
2024-10-23 21:41:31.864 [warning] [Decorations] CAPPING events from decorations provider vscode.git 498
2024-10-23 21:41:36.942 [warning] [Decorations] CAPPING events from decorations provider vscode.git 498
2024-10-23 21:41:42.072 [warning] [Decorations] CAPPING events from decorations provider vscode.git 498
2024-10-23 21:41:47.158 [warning] [Decorations] CAPPING events from decorations provider vscode.git 498
2024-10-23 21:41:52.234 [warning] [Decorations] CAPPING events from decorations provider vscode.git 498
2024-10-23 21:41:57.375 [warning] [Decorations] CAPPING events from decorations provider vscode.git 498
2024-10-23 21:42:02.490 [warning] [Decorations] CAPPING events from decorations provider vscode.git 498
2024-10-23 21:42:07.605 [warning] [Decorations] CAPPING events from decorations provider vscode.git 498
2024-10-23 21:42:12.693 [warning] [Decorations] CAPPING events from decorations provider vscode.git 498
2024-10-23 21:42:17.774 [warning] [Decorations] CAPPING events from decorations provider vscode.git 498
2024-10-23 21:42:22.874 [warning] [Decorations] CAPPING events from decorations provider vscode.git 498
2024-10-23 21:42:28.183 [warning] [Decorations] CAPPING events from decorations provider vscode.git 498
2024-10-23 21:42:33.294 [warning] [Decorations] CAPPING events from decorations provider vscode.git 498
2024-10-23 21:42:38.379 [warning] [Decorations] CAPPING events from decorations provider vscode.git 498
2024-10-23 21:42:43.494 [warning] [Decorations] CAPPING events from decorations provider vscode.git 498
2024-10-23 21:42:48.601 [warning] [Decorations] CAPPING events from decorations provider vscode.git 498
2024-10-23 21:42:53.712 [warning] [Decorations] CAPPING events from decorations provider vscode.git 498
2024-10-23 21:42:58.841 [warning] [Decorations] CAPPING events from decorations provider vscode.git 498
2024-10-23 21:43:03.911 [warning] [Decorations] CAPPING events from decorations provider vscode.git 498
2024-10-23 21:43:09.003 [warning] [Decorations] CAPPING events from decorations provider vscode.git 498
2024-10-23 21:43:14.119 [warning] [Decorations] CAPPING events from decorations provider vscode.git 498
2024-10-23 21:43:19.235 [warning] [Decorations] CAPPING events from decorations provider vscode.git 498
2024-10-23 21:43:24.341 [warning] [Decorations] CAPPING events from decorations provider vscode.git 498
2024-10-23 21:43:29.422 [warning] [Decorations] CAPPING events from decorations provider vscode.git 498
2024-10-23 21:43:34.516 [warning] [Decorations] CAPPING events from decorations provider vscode.git 498
2024-10-23 21:43:39.589 [warning] [Decorations] CAPPING events from decorations provider vscode.git 498
2024-10-23 21:43:44.683 [warning] [Decorations] CAPPING events from decorations provider vscode.git 498
2024-10-23 21:43:49.807 [warning] [Decorations] CAPPING events from decorations provider vscode.git 498
2024-10-23 21:43:54.899 [warning] [Decorations] CAPPING events from decorations provider vscode.git 498
2024-10-23 21:44:00.012 [warning] [Decorations] CAPPING events from decorations provider vscode.git 498
2024-10-23 21:44:05.108 [warning] [Decorations] CAPPING events from decorations provider vscode.git 498
2024-10-23 21:44:10.191 [warning] [Decorations] CAPPING events from decorations provider vscode.git 498
2024-10-23 21:44:15.290 [warning] [Decorations] CAPPING events from decorations provider vscode.git 498
2024-10-23 21:44:20.389 [warning] [Decorations] CAPPING events from decorations provider vscode.git 498
2024-10-23 21:44:25.480 [warning] [Decorations] CAPPING events from decorations provider vscode.git 498
2024-10-23 21:44:30.576 [warning] [Decorations] CAPPING events from decorations provider vscode.git 498
2024-10-23 21:44:35.697 [warning] [Decorations] CAPPING events from decorations provider vscode.git 498
2024-10-23 21:44:40.862 [warning] [Decorations] CAPPING events from decorations provider vscode.git 498
2024-10-23 21:44:45.944 [warning] [Decorations] CAPPING events from decorations provider vscode.git 498
2024-10-23 21:44:51.016 [warning] [Decorations] CAPPING events from decorations provider vscode.git 498
2024-10-23 21:44:56.099 [warning] [Decorations] CAPPING events from decorations provider vscode.git 498
2024-10-23 21:45:01.181 [warning] [Decorations] CAPPING events from decorations provider vscode.git 498
2024-10-23 21:45:06.285 [warning] [Decorations] CAPPING events from decorations provider vscode.git 498
2024-10-23 21:45:11.415 [warning] [Decorations] CAPPING events from decorations provider vscode.git 498
2024-10-23 21:45:16.515 [warning] [Decorations] CAPPING events from decorations provider vscode.git 498
2024-10-23 21:45:21.598 [warning] [Decorations] CAPPING events from decorations provider vscode.git 498
2024-10-23 21:45:26.673 [warning] [Decorations] CAPPING events from decorations provider vscode.git 498
2024-10-23 21:45:31.768 [warning] [Decorations] CAPPING events from decorations provider vscode.git 498
2024-10-23 21:45:36.870 [warning] [Decorations] CAPPING events from decorations provider vscode.git 498
2024-10-23 21:45:41.958 [warning] [Decorations] CAPPING events from decorations provider vscode.git 498
2024-10-23 21:45:47.070 [warning] [Decorations] CAPPING events from decorations provider vscode.git 498
2024-10-23 21:45:52.191 [warning] [Decorations] CAPPING events from decorations provider vscode.git 498
2024-10-23 21:45:57.280 [warning] [Decorations] CAPPING events from decorations provider vscode.git 498
2024-10-23 21:46:02.374 [warning] [Decorations] CAPPING events from decorations provider vscode.git 498
2024-10-23 21:46:07.458 [warning] [Decorations] CAPPING events from decorations provider vscode.git 498
2024-10-23 21:46:12.550 [warning] [Decorations] CAPPING events from decorations provider vscode.git 498
2024-10-23 21:46:17.648 [warning] [Decorations] CAPPING events from decorations provider vscode.git 498
2024-10-23 21:46:22.737 [warning] [Decorations] CAPPING events from decorations provider vscode.git 498
2024-10-23 21:46:27.808 [warning] [Decorations] CAPPING events from decorations provider vscode.git 498
2024-10-23 21:46:32.915 [warning] [Decorations] CAPPING events from decorations provider vscode.git 498
2024-10-23 21:46:38.042 [warning] [Decorations] CAPPING events from decorations provider vscode.git 498
2024-10-23 21:46:43.188 [warning] [Decorations] CAPPING events from decorations provider vscode.git 498
2024-10-23 21:46:48.263 [warning] [Decorations] CAPPING events from decorations provider vscode.git 498
2024-10-23 21:46:53.318 [warning] [Decorations] CAPPING events from decorations provider vscode.git 498
2024-10-23 21:46:58.433 [warning] [Decorations] CAPPING events from decorations provider vscode.git 498
2024-10-23 21:47:03.532 [warning] [Decorations] CAPPING events from decorations provider vscode.git 498
2024-10-23 21:47:08.677 [warning] [Decorations] CAPPING events from decorations provider vscode.git 498
2024-10-23 21:47:13.787 [warning] [Decorations] CAPPING events from decorations provider vscode.git 498
2024-10-23 21:47:18.861 [warning] [Decorations] CAPPING events from decorations provider vscode.git 498
2024-10-23 21:47:23.982 [warning] [Decorations] CAPPING events from decorations provider vscode.git 498
2024-10-23 21:47:29.066 [warning] [Decorations] CAPPING events from decorations provider vscode.git 498
2024-10-23 21:47:34.199 [warning] [Decorations] CAPPING events from decorations provider vscode.git 498
2024-10-23 21:47:39.265 [warning] [Decorations] CAPPING events from decorations provider vscode.git 498
2024-10-23 21:47:44.388 [warning] [Decorations] CAPPING events from decorations provider vscode.git 498
2024-10-23 21:47:49.475 [warning] [Decorations] CAPPING events from decorations provider vscode.git 498
2024-10-23 21:47:54.549 [warning] [Decorations] CAPPING events from decorations provider vscode.git 498
2024-10-23 21:47:59.649 [warning] [Decorations] CAPPING events from decorations provider vscode.git 498
2024-10-23 21:48:04.749 [warning] [Decorations] CAPPING events from decorations provider vscode.git 498
2024-10-23 21:48:09.870 [warning] [Decorations] CAPPING events from decorations provider vscode.git 498
2024-10-23 21:48:14.974 [warning] [Decorations] CAPPING events from decorations provider vscode.git 498
2024-10-23 21:48:20.055 [warning] [Decorations] CAPPING events from decorations provider vscode.git 498
2024-10-23 21:48:25.221 [warning] [Decorations] CAPPING events from decorations provider vscode.git 498
2024-10-23 21:48:30.287 [warning] [Decorations] CAPPING events from decorations provider vscode.git 498
2024-10-23 21:48:35.389 [warning] [Decorations] CAPPING events from decorations provider vscode.git 498
2024-10-23 21:48:40.492 [warning] [Decorations] CAPPING events from decorations provider vscode.git 498
2024-10-23 21:48:45.726 [warning] [Decorations] CAPPING events from decorations provider vscode.git 498
2024-10-23 21:48:50.838 [warning] [Decorations] CAPPING events from decorations provider vscode.git 498
2024-10-23 21:48:55.902 [warning] [Decorations] CAPPING events from decorations provider vscode.git 498
2024-10-23 21:49:00.980 [warning] [Decorations] CAPPING events from decorations provider vscode.git 498
2024-10-23 21:49:06.082 [warning] [Decorations] CAPPING events from decorations provider vscode.git 498
2024-10-23 21:49:11.166 [warning] [Decorations] CAPPING events from decorations provider vscode.git 498
2024-10-23 21:49:16.238 [warning] [Decorations] CAPPING events from decorations provider vscode.git 498
2024-10-23 21:49:21.360 [warning] [Decorations] CAPPING events from decorations provider vscode.git 498
2024-10-23 21:49:26.508 [warning] [Decorations] CAPPING events from decorations provider vscode.git 498
2024-10-23 21:49:31.584 [warning] [Decorations] CAPPING events from decorations provider vscode.git 498
2024-10-23 21:49:36.727 [warning] [Decorations] CAPPING events from decorations provider vscode.git 498
2024-10-23 21:49:41.819 [warning] [Decorations] CAPPING events from decorations provider vscode.git 498
2024-10-23 21:49:46.897 [warning] [Decorations] CAPPING events from decorations provider vscode.git 498
2024-10-23 21:49:51.979 [warning] [Decorations] CAPPING events from decorations provider vscode.git 498
2024-10-23 21:49:57.080 [warning] [Decorations] CAPPING events from decorations provider vscode.git 498
2024-10-23 21:50:02.310 [warning] [Decorations] CAPPING events from decorations provider vscode.git 498
2024-10-23 21:50:07.412 [warning] [Decorations] CAPPING events from decorations provider vscode.git 498
2024-10-23 21:50:12.508 [warning] [Decorations] CAPPING events from decorations provider vscode.git 498
2024-10-23 21:50:17.597 [warning] [Decorations] CAPPING events from decorations provider vscode.git 498
2024-10-23 21:50:22.700 [warning] [Decorations] CAPPING events from decorations provider vscode.git 498
2024-10-23 21:50:27.804 [warning] [Decorations] CAPPING events from decorations provider vscode.git 498
2024-10-23 21:50:32.895 [warning] [Decorations] CAPPING events from decorations provider vscode.git 498
2024-10-23 21:50:37.965 [warning] [Decorations] CAPPING events from decorations provider vscode.git 498
2024-10-23 21:50:43.057 [warning] [Decorations] CAPPING events from decorations provider vscode.git 498
2024-10-23 21:50:48.141 [warning] [Decorations] CAPPING events from decorations provider vscode.git 498
2024-10-23 21:50:53.236 [warning] [Decorations] CAPPING events from decorations provider vscode.git 498
2024-10-23 21:50:58.356 [warning] [Decorations] CAPPING events from decorations provider vscode.git 498
2024-10-23 21:51:03.563 [warning] [Decorations] CAPPING events from decorations provider vscode.git 498
2024-10-23 21:51:08.704 [warning] [Decorations] CAPPING events from decorations provider vscode.git 498
2024-10-23 21:51:13.807 [warning] [Decorations] CAPPING events from decorations provider vscode.git 498
2024-10-23 21:51:18.907 [warning] [Decorations] CAPPING events from decorations provider vscode.git 498
2024-10-23 21:51:24.040 [warning] [Decorations] CAPPING events from decorations provider vscode.git 498
2024-10-23 21:51:29.124 [warning] [Decorations] CAPPING events from decorations provider vscode.git 498
2024-10-23 21:51:34.272 [warning] [Decorations] CAPPING events from decorations provider vscode.git 498
2024-10-23 21:51:39.470 [warning] [Decorations] CAPPING events from decorations provider vscode.git 498
2024-10-23 21:51:44.736 [warning] [Decorations] CAPPING events from decorations provider vscode.git 498
2024-10-23 21:51:50.384 [warning] [Decorations] CAPPING events from decorations provider vscode.git 498
2024-10-23 21:51:55.479 [warning] [Decorations] CAPPING events from decorations provider vscode.git 498
2024-10-23 21:52:00.644 [warning] [Decorations] CAPPING events from decorations provider vscode.git 498
2024-10-23 21:52:05.777 [warning] [Decorations] CAPPING events from decorations provider vscode.git 498
2024-10-23 21:52:11.013 [warning] [Decorations] CAPPING events from decorations provider vscode.git 498
2024-10-23 21:52:16.366 [warning] [Decorations] CAPPING events from decorations provider vscode.git 498
2024-10-23 21:52:21.772 [warning] [Decorations] CAPPING events from decorations provider vscode.git 498
2024-10-23 21:52:26.885 [warning] [Decorations] CAPPING events from decorations provider vscode.git 498
2024-10-23 21:52:32.059 [warning] [Decorations] CAPPING events from decorations provider vscode.git 498
2024-10-23 21:52:37.312 [warning] [Decorations] CAPPING events from decorations provider vscode.git 498
2024-10-23 21:52:42.597 [warning] [Decorations] CAPPING events from decorations provider vscode.git 498
2024-10-23 21:52:47.722 [warning] [Decorations] CAPPING events from decorations provider vscode.git 498
2024-10-23 21:52:52.875 [warning] [Decorations] CAPPING events from decorations provider vscode.git 498
2024-10-23 21:52:57.979 [warning] [Decorations] CAPPING events from decorations provider vscode.git 498
2024-10-23 21:53:03.097 [warning] [Decorations] CAPPING events from decorations provider vscode.git 498
2024-10-23 21:53:08.210 [warning] [Decorations] CAPPING events from decorations provider vscode.git 498
2024-10-23 21:53:13.316 [warning] [Decorations] CAPPING events from decorations provider vscode.git 498
2024-10-23 21:53:18.418 [warning] [Decorations] CAPPING events from decorations provider vscode.git 498
2024-10-23 21:53:23.525 [warning] [Decorations] CAPPING events from decorations provider vscode.git 498
2024-10-23 21:53:28.664 [warning] [Decorations] CAPPING events from decorations provider vscode.git 498
2024-10-23 21:53:33.790 [warning] [Decorations] CAPPING events from decorations provider vscode.git 498
2024-10-23 21:53:38.901 [warning] [Decorations] CAPPING events from decorations provider vscode.git 498
2024-10-23 21:53:44.044 [warning] [Decorations] CAPPING events from decorations provider vscode.git 498
2024-10-23 21:53:49.187 [warning] [Decorations] CAPPING events from decorations provider vscode.git 498
2024-10-23 21:53:54.318 [warning] [Decorations] CAPPING events from decorations provider vscode.git 498
2024-10-23 21:53:59.462 [warning] [Decorations] CAPPING events from decorations provider vscode.git 498
2024-10-23 21:54:04.657 [warning] [Decorations] CAPPING events from decorations provider vscode.git 498
2024-10-23 21:54:09.829 [warning] [Decorations] CAPPING events from decorations provider vscode.git 498
2024-10-23 21:54:15.051 [warning] [Decorations] CAPPING events from decorations provider vscode.git 498
2024-10-23 21:54:20.150 [warning] [Decorations] CAPPING events from decorations provider vscode.git 498
2024-10-23 21:54:25.284 [warning] [Decorations] CAPPING events from decorations provider vscode.git 498
2024-10-23 21:54:30.392 [warning] [Decorations] CAPPING events from decorations provider vscode.git 498
2024-10-23 21:54:35.591 [warning] [Decorations] CAPPING events from decorations provider vscode.git 498
2024-10-23 21:54:40.700 [warning] [Decorations] CAPPING events from decorations provider vscode.git 498
2024-10-23 21:54:45.800 [warning] [Decorations] CAPPING events from decorations provider vscode.git 498
2024-10-23 21:54:51.082 [warning] [Decorations] CAPPING events from decorations provider vscode.git 498
2024-10-23 21:54:56.196 [warning] [Decorations] CAPPING events from decorations provider vscode.git 498
2024-10-23 21:55:01.311 [warning] [Decorations] CAPPING events from decorations provider vscode.git 498
2024-10-23 21:55:06.450 [warning] [Decorations] CAPPING events from decorations provider vscode.git 498
2024-10-23 21:55:11.523 [warning] [Decorations] CAPPING events from decorations provider vscode.git 498
2024-10-23 21:55:16.611 [warning] [Decorations] CAPPING events from decorations provider vscode.git 498
2024-10-23 21:55:21.720 [warning] [Decorations] CAPPING events from decorations provider vscode.git 498
2024-10-23 21:55:26.841 [warning] [Decorations] CAPPING events from decorations provider vscode.git 498
2024-10-23 21:55:31.955 [warning] [Decorations] CAPPING events from decorations provider vscode.git 498
2024-10-23 21:55:37.085 [warning] [Decorations] CAPPING events from decorations provider vscode.git 498
2024-10-23 21:55:42.183 [warning] [Decorations] CAPPING events from decorations provider vscode.git 498
2024-10-23 21:55:47.332 [warning] [Decorations] CAPPING events from decorations provider vscode.git 498
2024-10-23 21:55:52.418 [warning] [Decorations] CAPPING events from decorations provider vscode.git 498
2024-10-23 21:55:57.562 [warning] [Decorations] CAPPING events from decorations provider vscode.git 498
2024-10-23 21:56:02.672 [warning] [Decorations] CAPPING events from decorations provider vscode.git 498
2024-10-23 21:56:07.762 [warning] [Decorations] CAPPING events from decorations provider vscode.git 498
2024-10-23 21:56:12.881 [warning] [Decorations] CAPPING events from decorations provider vscode.git 498
2024-10-23 21:56:17.959 [warning] [Decorations] CAPPING events from decorations provider vscode.git 498
2024-10-23 21:56:23.044 [warning] [Decorations] CAPPING events from decorations provider vscode.git 498
2024-10-23 21:56:28.121 [warning] [Decorations] CAPPING events from decorations provider vscode.git 498
2024-10-23 21:56:33.220 [warning] [Decorations] CAPPING events from decorations provider vscode.git 498
2024-10-23 21:56:38.316 [warning] [Decorations] CAPPING events from decorations provider vscode.git 498
2024-10-23 21:56:43.489 [warning] [Decorations] CAPPING events from decorations provider vscode.git 498
2024-10-23 21:56:48.546 [warning] [Decorations] CAPPING events from decorations provider vscode.git 498
2024-10-23 21:56:53.626 [warning] [Decorations] CAPPING events from decorations provider vscode.git 498
2024-10-23 21:56:58.716 [warning] [Decorations] CAPPING events from decorations provider vscode.git 498
2024-10-23 21:57:03.804 [warning] [Decorations] CAPPING events from decorations provider vscode.git 498
2024-10-23 21:57:08.953 [warning] [Decorations] CAPPING events from decorations provider vscode.git 498
2024-10-23 21:57:14.049 [warning] [Decorations] CAPPING events from decorations provider vscode.git 498
2024-10-23 21:57:19.165 [warning] [Decorations] CAPPING events from decorations provider vscode.git 498
2024-10-23 21:57:24.276 [warning] [Decorations] CAPPING events from decorations provider vscode.git 498
2024-10-23 21:57:29.392 [warning] [Decorations] CAPPING events from decorations provider vscode.git 498
2024-10-23 21:57:34.530 [warning] [Decorations] CAPPING events from decorations provider vscode.git 498
2024-10-23 21:57:39.625 [warning] [Decorations] CAPPING events from decorations provider vscode.git 498
2024-10-23 21:57:44.703 [warning] [Decorations] CAPPING events from decorations provider vscode.git 498
2024-10-23 21:57:49.848 [warning] [Decorations] CAPPING events from decorations provider vscode.git 498
2024-10-23 21:57:54.933 [warning] [Decorations] CAPPING events from decorations provider vscode.git 498
2024-10-23 22:01:19.584 [warning] [Decorations] CAPPING events from decorations provider vscode.git 498
2024-10-23 22:01:24.695 [warning] [Decorations] CAPPING events from decorations provider vscode.git 498
2024-10-23 22:05:40.257 [warning] [Decorations] CAPPING events from decorations provider vscode.git 498
2024-10-23 22:05:45.365 [warning] [Decorations] CAPPING events from decorations provider vscode.git 498
2024-10-23 22:05:50.443 [warning] [Decorations] CAPPING events from decorations provider vscode.git 498
2024-10-23 22:05:55.542 [warning] [Decorations] CAPPING events from decorations provider vscode.git 498
2024-10-23 22:06:00.637 [warning] [Decorations] CAPPING events from decorations provider vscode.git 498
2024-10-23 22:06:05.695 [warning] [Decorations] CAPPING events from decorations provider vscode.git 498
2024-10-23 22:07:18.151 [warning] [Decorations] CAPPING events from decorations provider vscode.git 498
2024-10-23 22:07:23.269 [warning] [Decorations] CAPPING events from decorations provider vscode.git 498
2024-10-23 22:10:35.665 [warning] [Decorations] CAPPING events from decorations provider vscode.git 498
2024-10-23 22:10:40.765 [warning] [Decorations] CAPPING events from decorations provider vscode.git 498
2024-10-23 22:10:45.845 [warning] [Decorations] CAPPING events from decorations provider vscode.git 498
2024-10-23 22:10:50.943 [warning] [Decorations] CAPPING events from decorations provider vscode.git 498
2024-10-23 22:10:56.022 [warning] [Decorations] CAPPING events from decorations provider vscode.git 498
2024-10-23 22:11:01.172 [warning] [Decorations] CAPPING events from decorations provider vscode.git 498
2024-10-23 22:11:06.240 [warning] [Decorations] CAPPING events from decorations provider vscode.git 498
2024-10-23 22:11:11.310 [warning] [Decorations] CAPPING events from decorations provider vscode.git 498
2024-10-23 22:11:16.406 [warning] [Decorations] CAPPING events from decorations provider vscode.git 498
2024-10-23 22:11:21.492 [warning] [Decorations] CAPPING events from decorations provider vscode.git 498
2024-10-23 22:11:26.592 [warning] [Decorations] CAPPING events from decorations provider vscode.git 498
2024-10-23 22:11:31.660 [warning] [Decorations] CAPPING events from decorations provider vscode.git 498
2024-10-23 22:11:36.771 [warning] [Decorations] CAPPING events from decorations provider vscode.git 498
2024-10-23 22:11:41.848 [warning] [Decorations] CAPPING events from decorations provider vscode.git 498
2024-10-23 22:11:46.907 [warning] [Decorations] CAPPING events from decorations provider vscode.git 498
2024-10-23 22:11:52.044 [warning] [Decorations] CAPPING events from decorations provider vscode.git 498
2024-10-23 22:11:57.151 [warning] [Decorations] CAPPING events from decorations provider vscode.git 498
2024-10-23 22:12:02.267 [warning] [Decorations] CAPPING events from decorations provider vscode.git 498
2024-10-23 22:12:07.376 [warning] [Decorations] CAPPING events from decorations provider vscode.git 498
2024-10-23 22:12:12.454 [warning] [Decorations] CAPPING events from decorations provider vscode.git 498
2024-10-23 22:12:17.520 [warning] [Decorations] CAPPING events from decorations provider vscode.git 498
2024-10-23 22:12:22.609 [warning] [Decorations] CAPPING events from decorations provider vscode.git 498
2024-10-23 22:12:27.693 [warning] [Decorations] CAPPING events from decorations provider vscode.git 498
2024-10-23 22:12:32.844 [warning] [Decorations] CAPPING events from decorations provider vscode.git 498
2024-10-23 22:12:37.948 [warning] [Decorations] CAPPING events from decorations provider vscode.git 498
2024-10-23 22:12:43.027 [warning] [Decorations] CAPPING events from decorations provider vscode.git 498
2024-10-23 22:12:48.121 [warning] [Decorations] CAPPING events from decorations provider vscode.git 498
2024-10-23 22:12:53.254 [warning] [Decorations] CAPPING events from decorations provider vscode.git 498
2024-10-23 22:12:58.324 [warning] [Decorations] CAPPING events from decorations provider vscode.git 498
2024-10-23 22:13:03.386 [warning] [Decorations] CAPPING events from decorations provider vscode.git 498
2024-10-23 22:13:08.473 [warning] [Decorations] CAPPING events from decorations provider vscode.git 498
2024-10-23 22:13:13.589 [warning] [Decorations] CAPPING events from decorations provider vscode.git 498
2024-10-23 22:13:18.813 [warning] [Decorations] CAPPING events from decorations provider vscode.git 498
2024-10-23 22:13:23.910 [warning] [Decorations] CAPPING events from decorations provider vscode.git 498
2024-10-23 22:13:29.221 [warning] [Decorations] CAPPING events from decorations provider vscode.git 498
2024-10-23 22:13:34.371 [warning] [Decorations] CAPPING events from decorations provider vscode.git 498
2024-10-23 22:13:39.516 [warning] [Decorations] CAPPING events from decorations provider vscode.git 498
2024-10-23 22:13:44.660 [warning] [Decorations] CAPPING events from decorations provider vscode.git 498
2024-10-23 22:13:49.824 [warning] [Decorations] CAPPING events from decorations provider vscode.git 498
2024-10-23 22:13:54.918 [warning] [Decorations] CAPPING events from decorations provider vscode.git 498
2024-10-23 22:14:00.022 [warning] [Decorations] CAPPING events from decorations provider vscode.git 498
2024-10-23 22:14:05.183 [warning] [Decorations] CAPPING events from decorations provider vscode.git 498
2024-10-23 22:14:10.247 [warning] [Decorations] CAPPING events from decorations provider vscode.git 498
2024-10-23 22:14:15.364 [warning] [Decorations] CAPPING events from decorations provider vscode.git 498
2024-10-23 22:14:20.447 [warning] [Decorations] CAPPING events from decorations provider vscode.git 498
2024-10-23 22:14:25.536 [warning] [Decorations] CAPPING events from decorations provider vscode.git 498
2024-10-23 22:14:30.615 [warning] [Decorations] CAPPING events from decorations provider vscode.git 498
2024-10-23 22:14:35.752 [warning] [Decorations] CAPPING events from decorations provider vscode.git 498
2024-10-23 22:14:40.852 [warning] [Decorations] CAPPING events from decorations provider vscode.git 498
2024-10-23 22:14:45.980 [warning] [Decorations] CAPPING events from decorations provider vscode.git 498
2024-10-23 22:16:38.977 [warning] [Decorations] CAPPING events from decorations provider vscode.git 498
2024-10-23 22:16:44.137 [warning] [Decorations] CAPPING events from decorations provider vscode.git 498
