2024-10-10 00:43:10.176 [info] Extension host with pid 50162 started
2024-10-10 00:43:10.176 [info] Skipping acquiring lock for /projects/green-cabs-rwanda/~/.vscode-root/User/workspaceStorage/ffe50417eb32a8f41c60636aa174a5ae.
2024-10-10 00:43:10.821 [info] ExtensionService#_doActivateExtension vscode.git-base, startup: true, activationEvent: '*'
2024-10-10 00:43:10.835 [info] ExtensionService#_doActivateExtension vscode.npm, startup: true, activationEvent: 'workspaceContains:package.json'
2024-10-10 00:43:11.624 [info] ExtensionService#_doActivateExtension vscode.github, startup: true, activationEvent: '*'
2024-10-10 00:43:11.827 [info] Eager extensions activated
2024-10-10 00:43:11.880 [info] ExtensionService#_doActivateExtension vscode.debug-auto-launch, startup: false, activationEvent: 'onStartupFinished'
2024-10-10 00:43:11.903 [info] ExtensionService#_doActivateExtension vscode.merge-conflict, startup: false, activationEvent: 'onStartupFinished'
2024-10-10 00:43:11.989 [info] ExtensionService#_doActivateExtension ms-vscode-remote.remote-containers, startup: false, activationEvent: 'onStartupFinished'
2024-10-10 00:43:20.566 [info] ExtensionService#_doActivateExtension vscode.git, startup: false, activationEvent: 'api', root cause: vscode.github
2024-10-10 00:43:21.066 [info] ExtensionService#_doActivateExtension vscode.emmet, startup: false, activationEvent: 'onLanguage'
2024-10-10 00:43:22.396 [error] Error: No such branch: master.
	at F.getBranch (/usr/share/code/resources/app/extensions/git/dist/main.js:2:935457)
	at async T.retryRun (/usr/share/code/resources/app/extensions/git/dist/main.js:2:1028191)
	at async T.run (/usr/share/code/resources/app/extensions/git/dist/main.js:2:1027795)
	at async T.getBranch (/usr/share/code/resources/app/extensions/git/dist/main.js:2:1016176)
	at async T.getBranchBase (/usr/share/code/resources/app/extensions/git/dist/main.js:2:1016462)
	at async t.GitHistoryProvider.resolveHEADMergeBase (/usr/share/code/resources/app/extensions/git/dist/main.js:2:945925)
	at async t.GitHistoryProvider.onDidRunGitStatus (/usr/share/code/resources/app/extensions/git/dist/main.js:2:940157)
2024-10-10 00:43:22.751 [error] Error: No such branch: master.
	at F.getBranch (/usr/share/code/resources/app/extensions/git/dist/main.js:2:935457)
	at async T.retryRun (/usr/share/code/resources/app/extensions/git/dist/main.js:2:1028191)
	at async T.run (/usr/share/code/resources/app/extensions/git/dist/main.js:2:1027795)
	at async T.getBranch (/usr/share/code/resources/app/extensions/git/dist/main.js:2:1016176)
	at async T.getBranchBase (/usr/share/code/resources/app/extensions/git/dist/main.js:2:1016462)
	at async t.GitHistoryProvider.resolveHEADMergeBase (/usr/share/code/resources/app/extensions/git/dist/main.js:2:945925)
	at async t.GitHistoryProvider.onDidRunGitStatus (/usr/share/code/resources/app/extensions/git/dist/main.js:2:940157)
2024-10-10 00:43:23.571 [info] ExtensionService#_doActivateExtension vscode.github-authentication, startup: false, activationEvent: 'onAuthenticationRequest:github'
2024-10-10 00:43:23.879 [error] Error: No such branch: master.
	at F.getBranch (/usr/share/code/resources/app/extensions/git/dist/main.js:2:935457)
	at async T.retryRun (/usr/share/code/resources/app/extensions/git/dist/main.js:2:1028191)
	at async T.run (/usr/share/code/resources/app/extensions/git/dist/main.js:2:1027795)
	at async T.getBranch (/usr/share/code/resources/app/extensions/git/dist/main.js:2:1016176)
	at async T.getBranchBase (/usr/share/code/resources/app/extensions/git/dist/main.js:2:1016462)
	at async t.GitHistoryProvider.resolveHEADMergeBase (/usr/share/code/resources/app/extensions/git/dist/main.js:2:945925)
	at async t.GitHistoryProvider.onDidRunGitStatus (/usr/share/code/resources/app/extensions/git/dist/main.js:2:940157)
2024-10-10 00:43:24.161 [error] Error: No such branch: master.
	at F.getBranch (/usr/share/code/resources/app/extensions/git/dist/main.js:2:935457)
	at async T.retryRun (/usr/share/code/resources/app/extensions/git/dist/main.js:2:1028191)
	at async T.run (/usr/share/code/resources/app/extensions/git/dist/main.js:2:1027795)
	at async T.getBranch (/usr/share/code/resources/app/extensions/git/dist/main.js:2:1016176)
	at async T.getBranchBase (/usr/share/code/resources/app/extensions/git/dist/main.js:2:1016462)
	at async t.GitHistoryProvider.resolveHEADMergeBase (/usr/share/code/resources/app/extensions/git/dist/main.js:2:945925)
	at async t.GitHistoryProvider.onDidRunGitStatus (/usr/share/code/resources/app/extensions/git/dist/main.js:2:940157)
2024-10-10 00:43:26.784 [error] Error: No such branch: master.
	at F.getBranch (/usr/share/code/resources/app/extensions/git/dist/main.js:2:935457)
	at async T.retryRun (/usr/share/code/resources/app/extensions/git/dist/main.js:2:1028191)
	at async T.run (/usr/share/code/resources/app/extensions/git/dist/main.js:2:1027795)
	at async T.getBranch (/usr/share/code/resources/app/extensions/git/dist/main.js:2:1016176)
	at async T.getBranchBase (/usr/share/code/resources/app/extensions/git/dist/main.js:2:1016462)
	at async t.GitHistoryProvider.resolveHEADMergeBase (/usr/share/code/resources/app/extensions/git/dist/main.js:2:945925)
	at async t.GitHistoryProvider.onDidRunGitStatus (/usr/share/code/resources/app/extensions/git/dist/main.js:2:940157)
2024-10-10 00:43:26.893 [error] Error: No such branch: master.
	at F.getBranch (/usr/share/code/resources/app/extensions/git/dist/main.js:2:935457)
	at async T.retryRun (/usr/share/code/resources/app/extensions/git/dist/main.js:2:1028191)
	at async T.run (/usr/share/code/resources/app/extensions/git/dist/main.js:2:1027795)
	at async T.getBranch (/usr/share/code/resources/app/extensions/git/dist/main.js:2:1016176)
	at async T.getBranchBase (/usr/share/code/resources/app/extensions/git/dist/main.js:2:1016462)
	at async t.GitHistoryProvider.resolveHEADMergeBase (/usr/share/code/resources/app/extensions/git/dist/main.js:2:945925)
	at async t.GitHistoryProvider.onDidRunGitStatus (/usr/share/code/resources/app/extensions/git/dist/main.js:2:940157)
2024-10-10 00:43:45.651 [info] ExtensionService#_doActivateExtension vscode.typescript-language-features, startup: false, activationEvent: 'onLanguage:typescript'
2024-10-10 01:08:22.158 [info] ExtensionService#_doActivateExtension vscode.css-language-features, startup: false, activationEvent: 'onLanguage:scss'
2024-10-10 01:12:38.076 [warning] [Decorations] CAPPING events from decorations provider vscode.git 251
2024-10-10 01:13:30.158 [info] ExtensionService#_doActivateExtension vscode.html-language-features, startup: false, activationEvent: 'onLanguage:html'
2024-10-10 01:13:31.945 [warning] [Decorations] CAPPING events from decorations provider vscode.git 251
2024-10-10 01:13:36.998 [warning] [Decorations] CAPPING events from decorations provider vscode.git 251
2024-10-10 01:13:47.495 [warning] [Decorations] CAPPING events from decorations provider vscode.git 252
2024-10-10 01:13:52.528 [warning] [Decorations] CAPPING events from decorations provider vscode.git 252
2024-10-10 01:14:03.814 [warning] [Decorations] CAPPING events from decorations provider vscode.git 252
2024-10-10 01:14:08.859 [warning] [Decorations] CAPPING events from decorations provider vscode.git 252
2024-10-10 01:14:43.736 [warning] [Decorations] CAPPING events from decorations provider vscode.git 253
2024-10-10 01:14:48.822 [warning] [Decorations] CAPPING events from decorations provider vscode.git 253
2024-10-10 01:14:53.884 [warning] [Decorations] CAPPING events from decorations provider vscode.git 253
2024-10-10 01:14:58.924 [warning] [Decorations] CAPPING events from decorations provider vscode.git 253
2024-10-10 01:15:04.014 [warning] [Decorations] CAPPING events from decorations provider vscode.git 253
2024-10-10 01:15:09.111 [warning] [Decorations] CAPPING events from decorations provider vscode.git 253
2024-10-10 01:15:14.153 [warning] [Decorations] CAPPING events from decorations provider vscode.git 253
2024-10-10 01:15:19.212 [warning] [Decorations] CAPPING events from decorations provider vscode.git 253
2024-10-10 01:15:24.293 [warning] [Decorations] CAPPING events from decorations provider vscode.git 253
2024-10-10 01:15:29.391 [warning] [Decorations] CAPPING events from decorations provider vscode.git 253
2024-10-10 01:15:34.445 [warning] [Decorations] CAPPING events from decorations provider vscode.git 253
2024-10-10 01:15:42.365 [warning] [Decorations] CAPPING events from decorations provider vscode.git 253
2024-10-10 01:15:47.415 [warning] [Decorations] CAPPING events from decorations provider vscode.git 253
2024-10-10 01:15:52.462 [warning] [Decorations] CAPPING events from decorations provider vscode.git 253
2024-10-10 01:15:57.528 [warning] [Decorations] CAPPING events from decorations provider vscode.git 253
2024-10-10 01:16:35.135 [warning] [Decorations] CAPPING events from decorations provider vscode.git 253
2024-10-10 01:16:40.183 [warning] [Decorations] CAPPING events from decorations provider vscode.git 253
2024-10-10 01:16:45.249 [warning] [Decorations] CAPPING events from decorations provider vscode.git 253
2024-10-10 01:17:02.631 [warning] [Decorations] CAPPING events from decorations provider vscode.git 253
2024-10-10 01:17:07.686 [warning] [Decorations] CAPPING events from decorations provider vscode.git 253
2024-10-10 01:17:12.745 [warning] [Decorations] CAPPING events from decorations provider vscode.git 253
2024-10-10 01:17:17.793 [warning] [Decorations] CAPPING events from decorations provider vscode.git 253
2024-10-10 01:17:22.862 [warning] [Decorations] CAPPING events from decorations provider vscode.git 253
2024-10-10 01:17:27.902 [warning] [Decorations] CAPPING events from decorations provider vscode.git 253
2024-10-10 01:17:33.021 [warning] [Decorations] CAPPING events from decorations provider vscode.git 253
2024-10-10 01:17:38.101 [warning] [Decorations] CAPPING events from decorations provider vscode.git 257
2024-10-10 01:18:43.938 [warning] [Decorations] CAPPING events from decorations provider vscode.git 256
2024-10-10 01:18:49.018 [warning] [Decorations] CAPPING events from decorations provider vscode.git 256
2024-10-10 01:18:54.095 [warning] [Decorations] CAPPING events from decorations provider vscode.git 257
2024-10-10 01:18:59.182 [warning] [Decorations] CAPPING events from decorations provider vscode.git 257
2024-10-10 01:19:04.279 [warning] [Decorations] CAPPING events from decorations provider vscode.git 257
2024-10-10 01:19:09.398 [warning] [Decorations] CAPPING events from decorations provider vscode.git 257
2024-10-10 01:19:14.453 [warning] [Decorations] CAPPING events from decorations provider vscode.git 257
2024-10-10 01:19:19.486 [warning] [Decorations] CAPPING events from decorations provider vscode.git 257
2024-10-10 01:19:24.580 [warning] [Decorations] CAPPING events from decorations provider vscode.git 257
2024-10-10 01:20:13.699 [warning] [Decorations] CAPPING events from decorations provider vscode.git 258
2024-10-10 01:20:18.750 [warning] [Decorations] CAPPING events from decorations provider vscode.git 258
2024-10-10 01:20:23.798 [warning] [Decorations] CAPPING events from decorations provider vscode.git 258
2024-10-10 01:20:28.866 [warning] [Decorations] CAPPING events from decorations provider vscode.git 258
2024-10-10 01:20:33.900 [warning] [Decorations] CAPPING events from decorations provider vscode.git 258
2024-10-10 01:20:38.940 [warning] [Decorations] CAPPING events from decorations provider vscode.git 258
2024-10-10 01:20:43.996 [warning] [Decorations] CAPPING events from decorations provider vscode.git 258
2024-10-10 01:20:58.396 [warning] [Decorations] CAPPING events from decorations provider vscode.git 258
2024-10-10 01:21:17.526 [warning] [Decorations] CAPPING events from decorations provider vscode.git 258
2024-10-10 01:21:22.574 [warning] [Decorations] CAPPING events from decorations provider vscode.git 258
2024-10-10 01:21:27.633 [warning] [Decorations] CAPPING events from decorations provider vscode.git 259
2024-10-10 01:21:32.706 [warning] [Decorations] CAPPING events from decorations provider vscode.git 258
2024-10-10 01:21:37.754 [warning] [Decorations] CAPPING events from decorations provider vscode.git 258
2024-10-10 01:21:42.798 [warning] [Decorations] CAPPING events from decorations provider vscode.git 258
2024-10-10 01:21:47.862 [warning] [Decorations] CAPPING events from decorations provider vscode.git 258
2024-10-10 01:21:52.946 [warning] [Decorations] CAPPING events from decorations provider vscode.git 258
2024-10-10 01:21:58.064 [warning] [Decorations] CAPPING events from decorations provider vscode.git 258
2024-10-10 01:22:03.153 [warning] [Decorations] CAPPING events from decorations provider vscode.git 258
2024-10-10 01:22:08.232 [warning] [Decorations] CAPPING events from decorations provider vscode.git 258
2024-10-10 01:22:13.282 [warning] [Decorations] CAPPING events from decorations provider vscode.git 258
2024-10-10 01:22:18.323 [warning] [Decorations] CAPPING events from decorations provider vscode.git 258
2024-10-10 01:22:23.403 [warning] [Decorations] CAPPING events from decorations provider vscode.git 258
2024-10-10 01:22:28.484 [warning] [Decorations] CAPPING events from decorations provider vscode.git 258
2024-10-10 01:22:33.523 [warning] [Decorations] CAPPING events from decorations provider vscode.git 258
2024-10-10 01:22:38.568 [warning] [Decorations] CAPPING events from decorations provider vscode.git 258
2024-10-10 01:22:43.614 [warning] [Decorations] CAPPING events from decorations provider vscode.git 258
2024-10-10 01:23:17.161 [warning] [Decorations] CAPPING events from decorations provider vscode.git 258
2024-10-10 01:23:22.218 [warning] [Decorations] CAPPING events from decorations provider vscode.git 258
2024-10-10 01:23:27.276 [warning] [Decorations] CAPPING events from decorations provider vscode.git 259
2024-10-10 01:23:32.395 [warning] [Decorations] CAPPING events from decorations provider vscode.git 259
2024-10-10 01:23:37.434 [warning] [Decorations] CAPPING events from decorations provider vscode.git 259
2024-10-10 01:23:42.611 [warning] [Decorations] CAPPING events from decorations provider vscode.git 259
2024-10-10 01:23:48.350 [warning] [Decorations] CAPPING events from decorations provider vscode.git 259
2024-10-10 01:23:53.424 [warning] [Decorations] CAPPING events from decorations provider vscode.git 259
2024-10-10 01:23:58.468 [warning] [Decorations] CAPPING events from decorations provider vscode.git 259
2024-10-10 01:24:03.532 [warning] [Decorations] CAPPING events from decorations provider vscode.git 261
2024-10-10 01:24:17.185 [warning] [Decorations] CAPPING events from decorations provider vscode.git 260
2024-10-10 01:25:26.921 [warning] [Decorations] CAPPING events from decorations provider vscode.git 262
2024-10-10 01:25:31.965 [warning] [Decorations] CAPPING events from decorations provider vscode.git 262
2024-10-10 01:25:37.013 [warning] [Decorations] CAPPING events from decorations provider vscode.git 262
2024-10-10 01:25:42.118 [warning] [Decorations] CAPPING events from decorations provider vscode.git 262
2024-10-10 01:25:47.961 [warning] [Decorations] CAPPING events from decorations provider vscode.git 263
2024-10-10 01:25:53.002 [warning] [Decorations] CAPPING events from decorations provider vscode.git 263
2024-10-10 01:25:58.083 [warning] [Decorations] CAPPING events from decorations provider vscode.git 263
2024-10-10 01:26:03.207 [warning] [Decorations] CAPPING events from decorations provider vscode.git 263
2024-10-10 01:26:08.309 [warning] [Decorations] CAPPING events from decorations provider vscode.git 263
2024-10-10 01:26:13.351 [warning] [Decorations] CAPPING events from decorations provider vscode.git 263
2024-10-10 01:26:18.402 [warning] [Decorations] CAPPING events from decorations provider vscode.git 263
2024-10-10 01:26:23.455 [warning] [Decorations] CAPPING events from decorations provider vscode.git 263
2024-10-10 01:26:28.498 [warning] [Decorations] CAPPING events from decorations provider vscode.git 263
2024-10-10 01:26:33.589 [warning] [Decorations] CAPPING events from decorations provider vscode.git 264
2024-10-10 01:26:38.661 [warning] [Decorations] CAPPING events from decorations provider vscode.git 264
2024-10-10 01:27:04.098 [warning] [Decorations] CAPPING events from decorations provider vscode.git 264
2024-10-10 01:28:47.293 [warning] [Decorations] CAPPING events from decorations provider vscode.git 266
2024-10-10 01:28:52.323 [warning] [Decorations] CAPPING events from decorations provider vscode.git 266
2024-10-10 01:28:57.421 [warning] [Decorations] CAPPING events from decorations provider vscode.git 266
2024-10-10 01:29:02.514 [warning] [Decorations] CAPPING events from decorations provider vscode.git 266
2024-10-10 01:29:07.567 [warning] [Decorations] CAPPING events from decorations provider vscode.git 266
2024-10-10 01:29:12.634 [warning] [Decorations] CAPPING events from decorations provider vscode.git 266
2024-10-10 01:29:17.670 [warning] [Decorations] CAPPING events from decorations provider vscode.git 267
2024-10-10 01:29:22.731 [warning] [Decorations] CAPPING events from decorations provider vscode.git 267
2024-10-10 01:29:27.887 [warning] [Decorations] CAPPING events from decorations provider vscode.git 267
2024-10-10 01:29:32.963 [warning] [Decorations] CAPPING events from decorations provider vscode.git 267
2024-10-10 01:29:57.879 [warning] [Decorations] CAPPING events from decorations provider vscode.git 268
2024-10-10 01:30:03.019 [warning] [Decorations] CAPPING events from decorations provider vscode.git 267
2024-10-10 01:30:40.559 [warning] [Decorations] CAPPING events from decorations provider vscode.git 267
2024-10-10 01:30:45.659 [warning] [Decorations] CAPPING events from decorations provider vscode.git 267
2024-10-10 01:30:50.726 [warning] [Decorations] CAPPING events from decorations provider vscode.git 267
2024-10-10 01:30:55.765 [warning] [Decorations] CAPPING events from decorations provider vscode.git 267
2024-10-10 01:31:00.852 [warning] [Decorations] CAPPING events from decorations provider vscode.git 267
2024-10-10 01:31:05.925 [warning] [Decorations] CAPPING events from decorations provider vscode.git 267
2024-10-10 01:31:11.011 [warning] [Decorations] CAPPING events from decorations provider vscode.git 267
2024-10-10 01:32:45.957 [warning] [Decorations] CAPPING events from decorations provider vscode.git 267
2024-10-10 01:32:51.023 [warning] [Decorations] CAPPING events from decorations provider vscode.git 267
2024-10-10 01:32:56.099 [warning] [Decorations] CAPPING events from decorations provider vscode.git 267
2024-10-10 01:33:01.180 [warning] [Decorations] CAPPING events from decorations provider vscode.git 267
2024-10-10 01:33:06.264 [warning] [Decorations] CAPPING events from decorations provider vscode.git 267
2024-10-10 01:33:29.561 [warning] [Decorations] CAPPING events from decorations provider vscode.git 267
2024-10-10 01:33:34.645 [warning] [Decorations] CAPPING events from decorations provider vscode.git 267
2024-10-10 01:34:58.270 [warning] [Decorations] CAPPING events from decorations provider vscode.git 267
2024-10-10 01:35:03.348 [warning] [Decorations] CAPPING events from decorations provider vscode.git 267
2024-10-10 01:35:09.904 [warning] [Decorations] CAPPING events from decorations provider vscode.git 267
2024-10-10 01:35:14.978 [warning] [Decorations] CAPPING events from decorations provider vscode.git 267
2024-10-10 01:35:20.166 [warning] [Decorations] CAPPING events from decorations provider vscode.git 267
2024-10-10 01:35:25.269 [warning] [Decorations] CAPPING events from decorations provider vscode.git 267
2024-10-10 01:35:30.335 [warning] [Decorations] CAPPING events from decorations provider vscode.git 267
2024-10-10 01:35:35.392 [warning] [Decorations] CAPPING events from decorations provider vscode.git 267
2024-10-10 01:35:40.526 [warning] [Decorations] CAPPING events from decorations provider vscode.git 267
2024-10-10 01:35:45.587 [warning] [Decorations] CAPPING events from decorations provider vscode.git 267
2024-10-10 01:35:50.672 [warning] [Decorations] CAPPING events from decorations provider vscode.git 267
2024-10-10 01:35:55.760 [warning] [Decorations] CAPPING events from decorations provider vscode.git 267
2024-10-10 01:36:00.880 [warning] [Decorations] CAPPING events from decorations provider vscode.git 267
2024-10-10 01:36:05.928 [warning] [Decorations] CAPPING events from decorations provider vscode.git 267
2024-10-10 01:36:10.975 [warning] [Decorations] CAPPING events from decorations provider vscode.git 267
2024-10-10 01:36:19.952 [warning] [Decorations] CAPPING events from decorations provider vscode.git 267
2024-10-10 01:36:24.990 [warning] [Decorations] CAPPING events from decorations provider vscode.git 267
2024-10-10 01:36:30.026 [warning] [Decorations] CAPPING events from decorations provider vscode.git 267
2024-10-10 01:36:35.085 [warning] [Decorations] CAPPING events from decorations provider vscode.git 267
2024-10-10 01:36:40.164 [warning] [Decorations] CAPPING events from decorations provider vscode.git 268
2024-10-10 01:36:55.686 [warning] [Decorations] CAPPING events from decorations provider vscode.git 268
2024-10-10 01:37:00.759 [warning] [Decorations] CAPPING events from decorations provider vscode.git 268
2024-10-10 01:37:05.845 [warning] [Decorations] CAPPING events from decorations provider vscode.git 268
2024-10-10 01:39:53.581 [warning] [Decorations] CAPPING events from decorations provider vscode.git 268
2024-10-10 01:39:58.635 [warning] [Decorations] CAPPING events from decorations provider vscode.git 268
2024-10-10 01:40:03.698 [warning] [Decorations] CAPPING events from decorations provider vscode.git 268
2024-10-10 01:40:08.742 [warning] [Decorations] CAPPING events from decorations provider vscode.git 269
2024-10-10 01:41:11.359 [warning] [Decorations] CAPPING events from decorations provider vscode.git 269
2024-10-10 01:41:16.454 [warning] [Decorations] CAPPING events from decorations provider vscode.git 269
2024-10-10 01:41:21.536 [warning] [Decorations] CAPPING events from decorations provider vscode.git 269
2024-10-10 01:41:26.599 [warning] [Decorations] CAPPING events from decorations provider vscode.git 269
2024-10-10 01:43:50.161 [warning] [Decorations] CAPPING events from decorations provider vscode.git 269
2024-10-10 01:43:55.200 [warning] [Decorations] CAPPING events from decorations provider vscode.git 269
2024-10-10 01:44:00.276 [warning] [Decorations] CAPPING events from decorations provider vscode.git 269
2024-10-10 01:44:05.342 [warning] [Decorations] CAPPING events from decorations provider vscode.git 269
2024-10-10 01:47:23.706 [warning] [Decorations] CAPPING events from decorations provider vscode.git 269
2024-10-10 01:47:28.739 [warning] [Decorations] CAPPING events from decorations provider vscode.git 269
2024-10-10 01:47:38.873 [warning] [Decorations] CAPPING events from decorations provider vscode.git 269
2024-10-10 01:47:43.965 [warning] [Decorations] CAPPING events from decorations provider vscode.git 270
2024-10-10 01:47:58.903 [warning] [Decorations] CAPPING events from decorations provider vscode.git 270
2024-10-10 01:48:09.026 [warning] [Decorations] CAPPING events from decorations provider vscode.git 270
2024-10-10 01:48:14.068 [warning] [Decorations] CAPPING events from decorations provider vscode.git 271
2024-10-10 01:48:54.174 [warning] [Decorations] CAPPING events from decorations provider vscode.git 270
2024-10-10 01:48:59.294 [warning] [Decorations] CAPPING events from decorations provider vscode.git 270
2024-10-10 01:49:04.387 [warning] [Decorations] CAPPING events from decorations provider vscode.git 270
2024-10-10 01:49:09.478 [warning] [Decorations] CAPPING events from decorations provider vscode.git 270
2024-10-10 01:49:14.580 [warning] [Decorations] CAPPING events from decorations provider vscode.git 270
2024-10-10 01:49:19.638 [warning] [Decorations] CAPPING events from decorations provider vscode.git 270
2024-10-10 01:49:24.684 [warning] [Decorations] CAPPING events from decorations provider vscode.git 270
2024-10-10 01:49:29.794 [warning] [Decorations] CAPPING events from decorations provider vscode.git 270
2024-10-10 01:49:52.095 [warning] [Decorations] CAPPING events from decorations provider vscode.git 270
2024-10-10 01:49:57.141 [warning] [Decorations] CAPPING events from decorations provider vscode.git 270
2024-10-10 01:50:02.209 [warning] [Decorations] CAPPING events from decorations provider vscode.git 270
2024-10-10 01:50:07.267 [warning] [Decorations] CAPPING events from decorations provider vscode.git 270
2024-10-10 01:50:12.385 [warning] [Decorations] CAPPING events from decorations provider vscode.git 270
2024-10-10 01:50:17.436 [warning] [Decorations] CAPPING events from decorations provider vscode.git 270
2024-10-10 01:50:22.484 [warning] [Decorations] CAPPING events from decorations provider vscode.git 270
2024-10-10 01:50:27.541 [warning] [Decorations] CAPPING events from decorations provider vscode.git 271
2024-10-10 01:50:32.602 [warning] [Decorations] CAPPING events from decorations provider vscode.git 271
2024-10-10 01:50:37.653 [warning] [Decorations] CAPPING events from decorations provider vscode.git 272
2024-10-10 01:54:39.447 [warning] [Decorations] CAPPING events from decorations provider vscode.git 271
2024-10-10 01:58:40.861 [warning] [Decorations] CAPPING events from decorations provider vscode.git 271
2024-10-10 01:58:45.927 [warning] [Decorations] CAPPING events from decorations provider vscode.git 271
2024-10-10 01:58:51.046 [warning] [Decorations] CAPPING events from decorations provider vscode.git 272
2024-10-10 01:59:49.688 [warning] [Decorations] CAPPING events from decorations provider vscode.git 273
2024-10-10 01:59:54.770 [warning] [Decorations] CAPPING events from decorations provider vscode.git 272
2024-10-10 01:59:59.883 [warning] [Decorations] CAPPING events from decorations provider vscode.git 272
2024-10-10 02:00:07.054 [warning] [Decorations] CAPPING events from decorations provider vscode.git 272
2024-10-10 02:00:12.133 [warning] [Decorations] CAPPING events from decorations provider vscode.git 272
2024-10-10 02:00:25.094 [warning] [Decorations] CAPPING events from decorations provider vscode.git 272
2024-10-10 02:00:30.222 [warning] [Decorations] CAPPING events from decorations provider vscode.git 272
2024-10-10 02:00:35.349 [warning] [Decorations] CAPPING events from decorations provider vscode.git 273
2024-10-10 02:00:42.255 [warning] [Decorations] CAPPING events from decorations provider vscode.git 273
2024-10-10 02:00:49.569 [warning] [Decorations] CAPPING events from decorations provider vscode.git 273
2024-10-10 02:00:54.644 [warning] [Decorations] CAPPING events from decorations provider vscode.git 273
2024-10-10 02:01:08.488 [warning] [Decorations] CAPPING events from decorations provider vscode.git 273
2024-10-10 02:01:16.949 [warning] [Decorations] CAPPING events from decorations provider vscode.git 273
2024-10-10 02:01:22.012 [warning] [Decorations] CAPPING events from decorations provider vscode.git 273
2024-10-10 02:01:27.096 [warning] [Decorations] CAPPING events from decorations provider vscode.git 273
2024-10-10 02:01:32.271 [warning] [Decorations] CAPPING events from decorations provider vscode.git 273
2024-10-10 02:01:37.327 [warning] [Decorations] CAPPING events from decorations provider vscode.git 273
2024-10-10 02:01:42.438 [warning] [Decorations] CAPPING events from decorations provider vscode.git 273
2024-10-10 02:03:08.221 [warning] [Decorations] CAPPING events from decorations provider vscode.git 273
2024-10-10 02:03:13.276 [warning] [Decorations] CAPPING events from decorations provider vscode.git 273
2024-10-10 02:03:18.396 [warning] [Decorations] CAPPING events from decorations provider vscode.git 273
2024-10-10 02:03:44.588 [warning] [Decorations] CAPPING events from decorations provider vscode.git 274
2024-10-10 02:03:49.661 [warning] [Decorations] CAPPING events from decorations provider vscode.git 273
2024-10-10 02:03:55.024 [warning] [Decorations] CAPPING events from decorations provider vscode.git 273
2024-10-10 02:04:32.123 [warning] [Decorations] CAPPING events from decorations provider vscode.git 273
2024-10-10 02:04:37.711 [warning] [Decorations] CAPPING events from decorations provider vscode.git 273
2024-10-10 02:04:42.909 [warning] [Decorations] CAPPING events from decorations provider vscode.git 273
2024-10-10 02:04:47.978 [warning] [Decorations] CAPPING events from decorations provider vscode.git 273
2024-10-10 02:04:53.102 [warning] [Decorations] CAPPING events from decorations provider vscode.git 273
2024-10-10 02:04:58.244 [warning] [Decorations] CAPPING events from decorations provider vscode.git 273
2024-10-10 02:05:03.333 [warning] [Decorations] CAPPING events from decorations provider vscode.git 273
2024-10-10 02:05:08.512 [warning] [Decorations] CAPPING events from decorations provider vscode.git 273
2024-10-10 02:05:13.577 [warning] [Decorations] CAPPING events from decorations provider vscode.git 273
2024-10-10 02:05:18.632 [warning] [Decorations] CAPPING events from decorations provider vscode.git 273
2024-10-10 02:05:23.719 [warning] [Decorations] CAPPING events from decorations provider vscode.git 273
2024-10-10 02:05:28.820 [warning] [Decorations] CAPPING events from decorations provider vscode.git 273
2024-10-10 02:05:33.892 [warning] [Decorations] CAPPING events from decorations provider vscode.git 273
2024-10-10 02:05:38.962 [warning] [Decorations] CAPPING events from decorations provider vscode.git 273
2024-10-10 02:05:44.079 [warning] [Decorations] CAPPING events from decorations provider vscode.git 274
2024-10-10 02:05:49.175 [warning] [Decorations] CAPPING events from decorations provider vscode.git 274
2024-10-10 02:07:33.040 [warning] [Decorations] CAPPING events from decorations provider vscode.git 275
2024-10-10 02:07:38.124 [warning] [Decorations] CAPPING events from decorations provider vscode.git 275
2024-10-10 02:07:43.201 [warning] [Decorations] CAPPING events from decorations provider vscode.git 275
2024-10-10 02:07:48.341 [warning] [Decorations] CAPPING events from decorations provider vscode.git 276
2024-10-10 02:08:54.551 [warning] [Decorations] CAPPING events from decorations provider vscode.git 275
2024-10-10 02:08:59.601 [warning] [Decorations] CAPPING events from decorations provider vscode.git 275
2024-10-10 02:09:04.729 [warning] [Decorations] CAPPING events from decorations provider vscode.git 275
2024-10-10 02:09:09.816 [warning] [Decorations] CAPPING events from decorations provider vscode.git 275
2024-10-10 02:09:14.876 [warning] [Decorations] CAPPING events from decorations provider vscode.git 275
2024-10-10 02:09:19.915 [warning] [Decorations] CAPPING events from decorations provider vscode.git 276
2024-10-10 02:09:25.070 [warning] [Decorations] CAPPING events from decorations provider vscode.git 277
2024-10-10 02:09:30.136 [warning] [Decorations] CAPPING events from decorations provider vscode.git 276
2024-10-10 02:09:35.205 [warning] [Decorations] CAPPING events from decorations provider vscode.git 276
2024-10-10 02:09:40.284 [warning] [Decorations] CAPPING events from decorations provider vscode.git 276
2024-10-10 02:09:45.375 [warning] [Decorations] CAPPING events from decorations provider vscode.git 276
2024-10-10 02:10:24.360 [warning] [Decorations] CAPPING events from decorations provider vscode.git 276
2024-10-10 02:10:29.459 [warning] [Decorations] CAPPING events from decorations provider vscode.git 276
2024-10-10 02:10:34.498 [warning] [Decorations] CAPPING events from decorations provider vscode.git 276
2024-10-10 02:10:39.538 [warning] [Decorations] CAPPING events from decorations provider vscode.git 277
2024-10-10 02:10:44.588 [warning] [Decorations] CAPPING events from decorations provider vscode.git 277
2024-10-10 02:10:49.719 [warning] [Decorations] CAPPING events from decorations provider vscode.git 277
2024-10-10 02:10:54.766 [warning] [Decorations] CAPPING events from decorations provider vscode.git 276
2024-10-10 02:10:59.813 [warning] [Decorations] CAPPING events from decorations provider vscode.git 277
2024-10-10 02:11:04.850 [warning] [Decorations] CAPPING events from decorations provider vscode.git 277
2024-10-10 02:11:10.004 [warning] [Decorations] CAPPING events from decorations provider vscode.git 277
2024-10-10 02:11:15.057 [warning] [Decorations] CAPPING events from decorations provider vscode.git 277
2024-10-10 02:11:20.117 [warning] [Decorations] CAPPING events from decorations provider vscode.git 277
2024-10-10 02:11:25.237 [warning] [Decorations] CAPPING events from decorations provider vscode.git 277
2024-10-10 02:11:30.314 [warning] [Decorations] CAPPING events from decorations provider vscode.git 277
2024-10-10 02:11:35.391 [warning] [Decorations] CAPPING events from decorations provider vscode.git 277
2024-10-10 02:11:40.433 [warning] [Decorations] CAPPING events from decorations provider vscode.git 277
2024-10-10 02:11:45.470 [warning] [Decorations] CAPPING events from decorations provider vscode.git 277
2024-10-10 02:11:50.537 [warning] [Decorations] CAPPING events from decorations provider vscode.git 277
2024-10-10 02:11:55.619 [warning] [Decorations] CAPPING events from decorations provider vscode.git 277
2024-10-10 02:12:00.696 [warning] [Decorations] CAPPING events from decorations provider vscode.git 277
2024-10-10 02:12:05.813 [warning] [Decorations] CAPPING events from decorations provider vscode.git 278
2024-10-10 02:12:10.882 [warning] [Decorations] CAPPING events from decorations provider vscode.git 278
2024-10-10 02:12:15.937 [warning] [Decorations] CAPPING events from decorations provider vscode.git 278
2024-10-10 02:12:20.995 [warning] [Decorations] CAPPING events from decorations provider vscode.git 278
2024-10-10 02:12:26.065 [warning] [Decorations] CAPPING events from decorations provider vscode.git 278
2024-10-10 02:12:31.127 [warning] [Decorations] CAPPING events from decorations provider vscode.git 278
2024-10-10 02:14:57.573 [warning] [Decorations] CAPPING events from decorations provider vscode.git 278
2024-10-10 02:15:02.648 [warning] [Decorations] CAPPING events from decorations provider vscode.git 278
2024-10-10 02:15:07.679 [warning] [Decorations] CAPPING events from decorations provider vscode.git 278
2024-10-10 02:15:12.781 [warning] [Decorations] CAPPING events from decorations provider vscode.git 278
2024-10-10 02:15:17.844 [warning] [Decorations] CAPPING events from decorations provider vscode.git 278
2024-10-10 02:15:22.909 [warning] [Decorations] CAPPING events from decorations provider vscode.git 278
2024-10-10 02:15:27.979 [warning] [Decorations] CAPPING events from decorations provider vscode.git 278
2024-10-10 02:15:33.031 [warning] [Decorations] CAPPING events from decorations provider vscode.git 278
2024-10-10 02:15:38.098 [warning] [Decorations] CAPPING events from decorations provider vscode.git 278
2024-10-10 02:15:43.187 [warning] [Decorations] CAPPING events from decorations provider vscode.git 278
2024-10-10 02:15:48.278 [warning] [Decorations] CAPPING events from decorations provider vscode.git 278
2024-10-10 02:15:53.371 [warning] [Decorations] CAPPING events from decorations provider vscode.git 278
2024-10-10 02:15:58.482 [warning] [Decorations] CAPPING events from decorations provider vscode.git 278
2024-10-10 02:16:03.549 [warning] [Decorations] CAPPING events from decorations provider vscode.git 278
2024-10-10 02:16:08.593 [warning] [Decorations] CAPPING events from decorations provider vscode.git 278
2024-10-10 02:16:13.651 [warning] [Decorations] CAPPING events from decorations provider vscode.git 278
2024-10-10 02:16:18.779 [warning] [Decorations] CAPPING events from decorations provider vscode.git 278
2024-10-10 02:16:23.823 [warning] [Decorations] CAPPING events from decorations provider vscode.git 278
2024-10-10 02:16:28.963 [warning] [Decorations] CAPPING events from decorations provider vscode.git 278
2024-10-10 02:16:34.040 [warning] [Decorations] CAPPING events from decorations provider vscode.git 278
2024-10-10 02:16:39.160 [warning] [Decorations] CAPPING events from decorations provider vscode.git 278
2024-10-10 02:16:44.203 [warning] [Decorations] CAPPING events from decorations provider vscode.git 278
2024-10-10 02:16:49.283 [warning] [Decorations] CAPPING events from decorations provider vscode.git 278
2024-10-10 02:16:54.320 [warning] [Decorations] CAPPING events from decorations provider vscode.git 278
2024-10-10 02:16:59.451 [warning] [Decorations] CAPPING events from decorations provider vscode.git 278
2024-10-10 02:17:04.545 [warning] [Decorations] CAPPING events from decorations provider vscode.git 278
2024-10-10 02:17:09.623 [warning] [Decorations] CAPPING events from decorations provider vscode.git 278
2024-10-10 02:17:14.711 [warning] [Decorations] CAPPING events from decorations provider vscode.git 278
2024-10-10 02:17:19.821 [warning] [Decorations] CAPPING events from decorations provider vscode.git 278
2024-10-10 02:17:24.908 [warning] [Decorations] CAPPING events from decorations provider vscode.git 278
2024-10-10 02:17:29.975 [warning] [Decorations] CAPPING events from decorations provider vscode.git 278
2024-10-10 02:17:35.022 [warning] [Decorations] CAPPING events from decorations provider vscode.git 278
2024-10-10 02:17:40.094 [warning] [Decorations] CAPPING events from decorations provider vscode.git 278
2024-10-10 02:17:45.173 [warning] [Decorations] CAPPING events from decorations provider vscode.git 278
2024-10-10 02:17:50.218 [warning] [Decorations] CAPPING events from decorations provider vscode.git 278
2024-10-10 02:17:55.268 [warning] [Decorations] CAPPING events from decorations provider vscode.git 278
2024-10-10 02:18:00.407 [warning] [Decorations] CAPPING events from decorations provider vscode.git 278
2024-10-10 02:18:05.460 [warning] [Decorations] CAPPING events from decorations provider vscode.git 278
2024-10-10 02:18:10.528 [warning] [Decorations] CAPPING events from decorations provider vscode.git 278
2024-10-10 02:18:15.607 [warning] [Decorations] CAPPING events from decorations provider vscode.git 278
2024-10-10 02:18:20.706 [warning] [Decorations] CAPPING events from decorations provider vscode.git 278
2024-10-10 02:18:25.752 [warning] [Decorations] CAPPING events from decorations provider vscode.git 278
2024-10-10 02:18:30.817 [warning] [Decorations] CAPPING events from decorations provider vscode.git 278
2024-10-10 02:18:35.903 [warning] [Decorations] CAPPING events from decorations provider vscode.git 278
2024-10-10 02:18:40.985 [warning] [Decorations] CAPPING events from decorations provider vscode.git 278
2024-10-10 02:18:46.075 [warning] [Decorations] CAPPING events from decorations provider vscode.git 278
2024-10-10 02:18:51.175 [warning] [Decorations] CAPPING events from decorations provider vscode.git 278
2024-10-10 02:18:56.309 [warning] [Decorations] CAPPING events from decorations provider vscode.git 278
2024-10-10 02:19:01.391 [warning] [Decorations] CAPPING events from decorations provider vscode.git 278
2024-10-10 02:19:06.423 [warning] [Decorations] CAPPING events from decorations provider vscode.git 278
2024-10-10 02:19:11.504 [warning] [Decorations] CAPPING events from decorations provider vscode.git 278
2024-10-10 02:19:16.545 [warning] [Decorations] CAPPING events from decorations provider vscode.git 278
2024-10-10 02:19:21.580 [warning] [Decorations] CAPPING events from decorations provider vscode.git 278
2024-10-10 02:19:26.623 [warning] [Decorations] CAPPING events from decorations provider vscode.git 278
2024-10-10 02:19:31.660 [warning] [Decorations] CAPPING events from decorations provider vscode.git 278
2024-10-10 02:19:36.741 [warning] [Decorations] CAPPING events from decorations provider vscode.git 278
2024-10-10 02:19:41.774 [warning] [Decorations] CAPPING events from decorations provider vscode.git 278
2024-10-10 02:19:46.882 [warning] [Decorations] CAPPING events from decorations provider vscode.git 278
2024-10-10 02:19:51.951 [warning] [Decorations] CAPPING events from decorations provider vscode.git 278
2024-10-10 02:19:57.028 [warning] [Decorations] CAPPING events from decorations provider vscode.git 278
2024-10-10 02:20:02.111 [warning] [Decorations] CAPPING events from decorations provider vscode.git 278
2024-10-10 02:20:07.207 [warning] [Decorations] CAPPING events from decorations provider vscode.git 278
2024-10-10 02:21:25.830 [warning] [Decorations] CAPPING events from decorations provider vscode.git 279
2024-10-10 02:21:30.906 [warning] [Decorations] CAPPING events from decorations provider vscode.git 279
2024-10-10 02:22:45.619 [warning] [Decorations] CAPPING events from decorations provider vscode.git 279
2024-10-10 02:22:50.688 [warning] [Decorations] CAPPING events from decorations provider vscode.git 279
2024-10-10 02:23:00.445 [warning] [Decorations] CAPPING events from decorations provider vscode.git 279
2024-10-10 02:23:05.546 [warning] [Decorations] CAPPING events from decorations provider vscode.git 279
2024-10-10 02:24:18.689 [warning] [Decorations] CAPPING events from decorations provider vscode.git 279
2024-10-10 02:24:23.785 [warning] [Decorations] CAPPING events from decorations provider vscode.git 279
2024-10-10 02:24:28.855 [warning] [Decorations] CAPPING events from decorations provider vscode.git 280
2024-10-10 02:24:33.960 [warning] [Decorations] CAPPING events from decorations provider vscode.git 279
2024-10-10 02:28:04.011 [warning] [Decorations] CAPPING events from decorations provider vscode.git 279
2024-10-10 02:29:20.106 [warning] [Decorations] CAPPING events from decorations provider vscode.git 279
2024-10-10 02:29:25.179 [warning] [Decorations] CAPPING events from decorations provider vscode.git 280
2024-10-10 02:29:30.224 [warning] [Decorations] CAPPING events from decorations provider vscode.git 281
2024-10-10 02:29:35.337 [warning] [Decorations] CAPPING events from decorations provider vscode.git 280
2024-10-10 02:29:40.382 [warning] [Decorations] CAPPING events from decorations provider vscode.git 280
2024-10-10 02:29:45.429 [warning] [Decorations] CAPPING events from decorations provider vscode.git 280
2024-10-10 02:29:50.554 [warning] [Decorations] CAPPING events from decorations provider vscode.git 280
2024-10-10 02:29:55.594 [warning] [Decorations] CAPPING events from decorations provider vscode.git 280
2024-10-10 02:30:00.643 [warning] [Decorations] CAPPING events from decorations provider vscode.git 280
2024-10-10 02:30:05.739 [warning] [Decorations] CAPPING events from decorations provider vscode.git 280
2024-10-10 02:30:10.805 [warning] [Decorations] CAPPING events from decorations provider vscode.git 280
2024-10-10 02:30:15.940 [warning] [Decorations] CAPPING events from decorations provider vscode.git 280
2024-10-10 02:30:20.998 [warning] [Decorations] CAPPING events from decorations provider vscode.git 280
2024-10-10 02:30:26.045 [warning] [Decorations] CAPPING events from decorations provider vscode.git 280
2024-10-10 02:30:31.083 [warning] [Decorations] CAPPING events from decorations provider vscode.git 280
2024-10-10 02:30:36.227 [warning] [Decorations] CAPPING events from decorations provider vscode.git 280
2024-10-10 02:30:41.376 [warning] [Decorations] CAPPING events from decorations provider vscode.git 280
2024-10-10 02:30:46.434 [warning] [Decorations] CAPPING events from decorations provider vscode.git 280
2024-10-10 02:30:51.468 [warning] [Decorations] CAPPING events from decorations provider vscode.git 280
2024-10-10 02:30:56.544 [warning] [Decorations] CAPPING events from decorations provider vscode.git 280
2024-10-10 02:31:01.635 [warning] [Decorations] CAPPING events from decorations provider vscode.git 280
2024-10-10 02:31:06.687 [warning] [Decorations] CAPPING events from decorations provider vscode.git 280
2024-10-10 02:31:11.746 [warning] [Decorations] CAPPING events from decorations provider vscode.git 280
2024-10-10 02:31:16.855 [warning] [Decorations] CAPPING events from decorations provider vscode.git 280
2024-10-10 02:31:21.963 [warning] [Decorations] CAPPING events from decorations provider vscode.git 280
2024-10-10 02:31:27.077 [warning] [Decorations] CAPPING events from decorations provider vscode.git 280
2024-10-10 02:31:32.212 [warning] [Decorations] CAPPING events from decorations provider vscode.git 280
2024-10-10 02:33:43.105 [warning] [Decorations] CAPPING events from decorations provider vscode.git 280
2024-10-10 02:33:48.199 [warning] [Decorations] CAPPING events from decorations provider vscode.git 280
2024-10-10 02:33:53.275 [warning] [Decorations] CAPPING events from decorations provider vscode.git 280
2024-10-10 02:33:58.352 [warning] [Decorations] CAPPING events from decorations provider vscode.git 281
2024-10-10 02:34:03.428 [warning] [Decorations] CAPPING events from decorations provider vscode.git 281
2024-10-10 02:34:08.524 [warning] [Decorations] CAPPING events from decorations provider vscode.git 281
2024-10-10 02:34:13.595 [warning] [Decorations] CAPPING events from decorations provider vscode.git 281
2024-10-10 02:34:18.718 [warning] [Decorations] CAPPING events from decorations provider vscode.git 281
2024-10-10 02:34:23.789 [warning] [Decorations] CAPPING events from decorations provider vscode.git 282
2024-10-10 02:34:28.940 [warning] [Decorations] CAPPING events from decorations provider vscode.git 281
2024-10-10 02:34:33.996 [warning] [Decorations] CAPPING events from decorations provider vscode.git 281
2024-10-10 02:34:39.055 [warning] [Decorations] CAPPING events from decorations provider vscode.git 281
2024-10-10 02:34:44.168 [warning] [Decorations] CAPPING events from decorations provider vscode.git 281
2024-10-10 02:34:49.359 [warning] [Decorations] CAPPING events from decorations provider vscode.git 281
2024-10-10 02:34:54.478 [warning] [Decorations] CAPPING events from decorations provider vscode.git 281
2024-10-10 02:34:59.523 [warning] [Decorations] CAPPING events from decorations provider vscode.git 281
2024-10-10 02:35:04.624 [warning] [Decorations] CAPPING events from decorations provider vscode.git 281
2024-10-10 02:35:09.680 [warning] [Decorations] CAPPING events from decorations provider vscode.git 281
2024-10-10 02:35:14.806 [warning] [Decorations] CAPPING events from decorations provider vscode.git 281
2024-10-10 02:35:19.913 [warning] [Decorations] CAPPING events from decorations provider vscode.git 281
2024-10-10 02:35:24.947 [warning] [Decorations] CAPPING events from decorations provider vscode.git 281
2024-10-10 02:35:30.100 [warning] [Decorations] CAPPING events from decorations provider vscode.git 281
2024-10-10 02:35:35.150 [warning] [Decorations] CAPPING events from decorations provider vscode.git 281
2024-10-10 02:35:40.275 [warning] [Decorations] CAPPING events from decorations provider vscode.git 281
2024-10-10 02:35:45.402 [warning] [Decorations] CAPPING events from decorations provider vscode.git 281
2024-10-10 02:35:50.475 [warning] [Decorations] CAPPING events from decorations provider vscode.git 281
2024-10-10 02:35:55.543 [warning] [Decorations] CAPPING events from decorations provider vscode.git 281
2024-10-10 02:36:00.628 [warning] [Decorations] CAPPING events from decorations provider vscode.git 281
2024-10-10 02:36:05.689 [warning] [Decorations] CAPPING events from decorations provider vscode.git 281
2024-10-10 02:36:10.728 [warning] [Decorations] CAPPING events from decorations provider vscode.git 281
2024-10-10 02:36:15.794 [warning] [Decorations] CAPPING events from decorations provider vscode.git 281
2024-10-10 02:36:20.912 [warning] [Decorations] CAPPING events from decorations provider vscode.git 281
2024-10-10 02:36:26.074 [warning] [Decorations] CAPPING events from decorations provider vscode.git 281
2024-10-10 02:36:31.154 [warning] [Decorations] CAPPING events from decorations provider vscode.git 281
2024-10-10 02:36:36.203 [warning] [Decorations] CAPPING events from decorations provider vscode.git 281
2024-10-10 02:36:41.337 [warning] [Decorations] CAPPING events from decorations provider vscode.git 281
2024-10-10 02:36:46.392 [warning] [Decorations] CAPPING events from decorations provider vscode.git 281
2024-10-10 02:42:49.979 [warning] [Decorations] CAPPING events from decorations provider vscode.git 282
2024-10-10 02:42:55.014 [warning] [Decorations] CAPPING events from decorations provider vscode.git 282
2024-10-10 02:43:00.073 [warning] [Decorations] CAPPING events from decorations provider vscode.git 282
2024-10-10 02:43:05.146 [warning] [Decorations] CAPPING events from decorations provider vscode.git 282
2024-10-10 02:43:10.196 [warning] [Decorations] CAPPING events from decorations provider vscode.git 282
2024-10-10 02:43:15.245 [warning] [Decorations] CAPPING events from decorations provider vscode.git 282
2024-10-10 02:43:20.389 [warning] [Decorations] CAPPING events from decorations provider vscode.git 282
2024-10-10 02:43:25.538 [warning] [Decorations] CAPPING events from decorations provider vscode.git 282
2024-10-10 02:43:30.605 [warning] [Decorations] CAPPING events from decorations provider vscode.git 282
2024-10-10 02:43:35.727 [warning] [Decorations] CAPPING events from decorations provider vscode.git 282
2024-10-10 02:43:40.827 [warning] [Decorations] CAPPING events from decorations provider vscode.git 282
2024-10-10 02:43:45.899 [warning] [Decorations] CAPPING events from decorations provider vscode.git 282
2024-10-10 02:43:51.008 [warning] [Decorations] CAPPING events from decorations provider vscode.git 282
2024-10-10 02:43:56.087 [warning] [Decorations] CAPPING events from decorations provider vscode.git 282
2024-10-10 02:44:01.141 [warning] [Decorations] CAPPING events from decorations provider vscode.git 282
2024-10-10 02:44:06.204 [warning] [Decorations] CAPPING events from decorations provider vscode.git 282
2024-10-10 02:44:11.253 [warning] [Decorations] CAPPING events from decorations provider vscode.git 282
2024-10-10 02:44:16.328 [warning] [Decorations] CAPPING events from decorations provider vscode.git 282
2024-10-10 02:44:21.389 [warning] [Decorations] CAPPING events from decorations provider vscode.git 282
2024-10-10 02:44:26.477 [warning] [Decorations] CAPPING events from decorations provider vscode.git 282
2024-10-10 02:44:31.510 [warning] [Decorations] CAPPING events from decorations provider vscode.git 282
2024-10-10 02:44:36.621 [warning] [Decorations] CAPPING events from decorations provider vscode.git 282
2024-10-10 02:44:41.706 [warning] [Decorations] CAPPING events from decorations provider vscode.git 282
2024-10-10 02:44:46.778 [warning] [Decorations] CAPPING events from decorations provider vscode.git 282
2024-10-10 02:45:24.655 [warning] [Decorations] CAPPING events from decorations provider vscode.git 283
2024-10-10 02:48:12.559 [warning] [Decorations] CAPPING events from decorations provider vscode.git 284
2024-10-10 02:48:17.606 [warning] [Decorations] CAPPING events from decorations provider vscode.git 283
2024-10-10 02:49:33.853 [warning] [Decorations] CAPPING events from decorations provider vscode.git 283
2024-10-10 02:50:00.799 [warning] [Decorations] CAPPING events from decorations provider vscode.git 283
2024-10-10 02:51:28.082 [warning] [Decorations] CAPPING events from decorations provider vscode.git 283
2024-10-10 02:51:33.139 [warning] [Decorations] CAPPING events from decorations provider vscode.git 283
2024-10-10 02:51:38.212 [warning] [Decorations] CAPPING events from decorations provider vscode.git 283
2024-10-10 02:51:43.286 [warning] [Decorations] CAPPING events from decorations provider vscode.git 283
2024-10-10 02:51:48.344 [warning] [Decorations] CAPPING events from decorations provider vscode.git 284
2024-10-10 02:51:53.380 [warning] [Decorations] CAPPING events from decorations provider vscode.git 284
2024-10-10 02:51:58.486 [warning] [Decorations] CAPPING events from decorations provider vscode.git 284
2024-10-10 02:52:03.528 [warning] [Decorations] CAPPING events from decorations provider vscode.git 284
2024-10-10 02:52:08.600 [warning] [Decorations] CAPPING events from decorations provider vscode.git 284
2024-10-10 02:52:20.999 [warning] [Decorations] CAPPING events from decorations provider vscode.git 284
2024-10-10 02:52:26.077 [warning] [Decorations] CAPPING events from decorations provider vscode.git 284
2024-10-10 02:52:31.183 [warning] [Decorations] CAPPING events from decorations provider vscode.git 284
2024-10-10 02:52:36.282 [warning] [Decorations] CAPPING events from decorations provider vscode.git 284
2024-10-10 02:52:41.346 [warning] [Decorations] CAPPING events from decorations provider vscode.git 284
2024-10-10 02:52:46.474 [warning] [Decorations] CAPPING events from decorations provider vscode.git 284
2024-10-10 02:52:51.645 [warning] [Decorations] CAPPING events from decorations provider vscode.git 285
2024-10-10 02:52:56.719 [warning] [Decorations] CAPPING events from decorations provider vscode.git 284
2024-10-10 02:53:01.764 [warning] [Decorations] CAPPING events from decorations provider vscode.git 284
2024-10-10 02:53:52.307 [warning] [Decorations] CAPPING events from decorations provider vscode.git 284
2024-10-10 02:53:57.392 [warning] [Decorations] CAPPING events from decorations provider vscode.git 284
2024-10-10 02:54:02.425 [warning] [Decorations] CAPPING events from decorations provider vscode.git 284
2024-10-10 02:54:07.479 [warning] [Decorations] CAPPING events from decorations provider vscode.git 284
2024-10-10 02:54:12.572 [warning] [Decorations] CAPPING events from decorations provider vscode.git 284
2024-10-10 02:54:17.718 [warning] [Decorations] CAPPING events from decorations provider vscode.git 284
2024-10-10 02:54:22.750 [warning] [Decorations] CAPPING events from decorations provider vscode.git 284
2024-10-10 02:54:27.821 [warning] [Decorations] CAPPING events from decorations provider vscode.git 284
2024-10-10 02:54:32.852 [warning] [Decorations] CAPPING events from decorations provider vscode.git 284
2024-10-10 02:54:37.987 [warning] [Decorations] CAPPING events from decorations provider vscode.git 284
2024-10-10 02:54:43.045 [warning] [Decorations] CAPPING events from decorations provider vscode.git 284
2024-10-10 02:54:48.143 [warning] [Decorations] CAPPING events from decorations provider vscode.git 284
2024-10-10 02:54:53.274 [warning] [Decorations] CAPPING events from decorations provider vscode.git 284
2024-10-10 02:54:58.371 [warning] [Decorations] CAPPING events from decorations provider vscode.git 284
2024-10-10 02:55:03.495 [warning] [Decorations] CAPPING events from decorations provider vscode.git 284
2024-10-10 02:55:08.546 [warning] [Decorations] CAPPING events from decorations provider vscode.git 284
2024-10-10 02:55:13.635 [warning] [Decorations] CAPPING events from decorations provider vscode.git 284
2024-10-10 02:55:18.683 [warning] [Decorations] CAPPING events from decorations provider vscode.git 284
2024-10-10 02:55:23.739 [warning] [Decorations] CAPPING events from decorations provider vscode.git 284
2024-10-10 02:55:28.823 [warning] [Decorations] CAPPING events from decorations provider vscode.git 284
2024-10-10 02:55:33.933 [warning] [Decorations] CAPPING events from decorations provider vscode.git 284
2024-10-10 02:55:39.042 [warning] [Decorations] CAPPING events from decorations provider vscode.git 284
2024-10-10 02:55:44.112 [warning] [Decorations] CAPPING events from decorations provider vscode.git 284
2024-10-10 02:55:49.235 [warning] [Decorations] CAPPING events from decorations provider vscode.git 284
2024-10-10 02:55:54.362 [warning] [Decorations] CAPPING events from decorations provider vscode.git 284
2024-10-10 02:55:59.392 [warning] [Decorations] CAPPING events from decorations provider vscode.git 284
2024-10-10 02:56:04.435 [warning] [Decorations] CAPPING events from decorations provider vscode.git 284
2024-10-10 02:56:09.509 [warning] [Decorations] CAPPING events from decorations provider vscode.git 284
2024-10-10 02:56:14.583 [warning] [Decorations] CAPPING events from decorations provider vscode.git 284
2024-10-10 02:56:19.635 [warning] [Decorations] CAPPING events from decorations provider vscode.git 284
2024-10-10 02:56:24.713 [warning] [Decorations] CAPPING events from decorations provider vscode.git 284
2024-10-10 02:56:29.834 [warning] [Decorations] CAPPING events from decorations provider vscode.git 284
2024-10-10 02:56:34.900 [warning] [Decorations] CAPPING events from decorations provider vscode.git 284
2024-10-10 02:56:47.360 [warning] [Decorations] CAPPING events from decorations provider vscode.git 284
2024-10-10 02:59:01.288 [warning] [Decorations] CAPPING events from decorations provider vscode.git 284
2024-10-10 02:59:06.359 [warning] [Decorations] CAPPING events from decorations provider vscode.git 284
2024-10-10 02:59:11.419 [warning] [Decorations] CAPPING events from decorations provider vscode.git 285
2024-10-10 02:59:16.488 [warning] [Decorations] CAPPING events from decorations provider vscode.git 286
2024-10-10 02:59:21.566 [warning] [Decorations] CAPPING events from decorations provider vscode.git 285
2024-10-10 02:59:26.621 [warning] [Decorations] CAPPING events from decorations provider vscode.git 285
2024-10-10 02:59:31.689 [warning] [Decorations] CAPPING events from decorations provider vscode.git 285
2024-10-10 03:01:15.303 [warning] [Decorations] CAPPING events from decorations provider vscode.git 285
2024-10-10 03:01:20.462 [warning] [Decorations] CAPPING events from decorations provider vscode.git 285
2024-10-10 03:01:25.522 [warning] [Decorations] CAPPING events from decorations provider vscode.git 285
2024-10-10 03:01:30.617 [warning] [Decorations] CAPPING events from decorations provider vscode.git 285
2024-10-10 03:01:35.698 [warning] [Decorations] CAPPING events from decorations provider vscode.git 285
2024-10-10 03:01:40.758 [warning] [Decorations] CAPPING events from decorations provider vscode.git 285
2024-10-10 03:01:45.832 [warning] [Decorations] CAPPING events from decorations provider vscode.git 285
2024-10-10 03:01:50.898 [warning] [Decorations] CAPPING events from decorations provider vscode.git 285
2024-10-10 03:01:56.045 [warning] [Decorations] CAPPING events from decorations provider vscode.git 285
2024-10-10 03:02:01.100 [warning] [Decorations] CAPPING events from decorations provider vscode.git 285
2024-10-10 03:02:06.202 [warning] [Decorations] CAPPING events from decorations provider vscode.git 285
2024-10-10 03:02:11.256 [warning] [Decorations] CAPPING events from decorations provider vscode.git 285
2024-10-10 03:02:16.340 [warning] [Decorations] CAPPING events from decorations provider vscode.git 285
2024-10-10 03:02:21.440 [warning] [Decorations] CAPPING events from decorations provider vscode.git 285
2024-10-10 03:02:26.552 [warning] [Decorations] CAPPING events from decorations provider vscode.git 285
2024-10-10 03:02:31.616 [warning] [Decorations] CAPPING events from decorations provider vscode.git 285
2024-10-10 03:02:36.669 [warning] [Decorations] CAPPING events from decorations provider vscode.git 285
2024-10-10 03:02:41.758 [warning] [Decorations] CAPPING events from decorations provider vscode.git 285
2024-10-10 03:02:46.858 [warning] [Decorations] CAPPING events from decorations provider vscode.git 285
2024-10-10 03:02:51.914 [warning] [Decorations] CAPPING events from decorations provider vscode.git 285
2024-10-10 03:02:56.952 [warning] [Decorations] CAPPING events from decorations provider vscode.git 286
2024-10-10 03:03:02.047 [warning] [Decorations] CAPPING events from decorations provider vscode.git 286
2024-10-10 03:03:07.115 [warning] [Decorations] CAPPING events from decorations provider vscode.git 286
2024-10-10 03:03:12.145 [warning] [Decorations] CAPPING events from decorations provider vscode.git 285
2024-10-10 03:03:17.248 [warning] [Decorations] CAPPING events from decorations provider vscode.git 286
2024-10-10 03:03:22.284 [warning] [Decorations] CAPPING events from decorations provider vscode.git 286
2024-10-10 03:03:27.344 [warning] [Decorations] CAPPING events from decorations provider vscode.git 286
2024-10-10 03:03:32.387 [warning] [Decorations] CAPPING events from decorations provider vscode.git 286
2024-10-10 03:03:37.491 [warning] [Decorations] CAPPING events from decorations provider vscode.git 287
2024-10-10 03:03:42.588 [warning] [Decorations] CAPPING events from decorations provider vscode.git 286
2024-10-10 03:03:47.660 [warning] [Decorations] CAPPING events from decorations provider vscode.git 286
2024-10-10 03:03:52.707 [warning] [Decorations] CAPPING events from decorations provider vscode.git 286
2024-10-10 03:03:57.764 [warning] [Decorations] CAPPING events from decorations provider vscode.git 286
2024-10-10 03:04:02.866 [warning] [Decorations] CAPPING events from decorations provider vscode.git 286
2024-10-10 03:04:07.985 [warning] [Decorations] CAPPING events from decorations provider vscode.git 286
2024-10-10 03:04:13.129 [warning] [Decorations] CAPPING events from decorations provider vscode.git 286
2024-10-10 03:04:18.319 [warning] [Decorations] CAPPING events from decorations provider vscode.git 286
2024-10-10 03:04:25.639 [warning] [Decorations] CAPPING events from decorations provider vscode.git 286
2024-10-10 03:04:30.714 [warning] [Decorations] CAPPING events from decorations provider vscode.git 286
2024-10-10 03:04:36.142 [warning] [Decorations] CAPPING events from decorations provider vscode.git 286
2024-10-10 03:04:59.439 [warning] [Decorations] CAPPING events from decorations provider vscode.git 286
2024-10-10 03:05:04.509 [warning] [Decorations] CAPPING events from decorations provider vscode.git 287
2024-10-10 03:05:09.571 [warning] [Decorations] CAPPING events from decorations provider vscode.git 287
2024-10-10 03:05:14.682 [warning] [Decorations] CAPPING events from decorations provider vscode.git 288
2024-10-10 03:05:19.774 [warning] [Decorations] CAPPING events from decorations provider vscode.git 287
2024-10-10 03:05:24.826 [warning] [Decorations] CAPPING events from decorations provider vscode.git 287
2024-10-10 03:06:08.450 [warning] [Decorations] CAPPING events from decorations provider vscode.git 287
2024-10-10 03:06:13.606 [warning] [Decorations] CAPPING events from decorations provider vscode.git 287
2024-10-10 03:06:18.738 [warning] [Decorations] CAPPING events from decorations provider vscode.git 287
2024-10-10 03:06:23.846 [warning] [Decorations] CAPPING events from decorations provider vscode.git 288
2024-10-10 03:06:28.907 [warning] [Decorations] CAPPING events from decorations provider vscode.git 288
2024-10-10 03:08:34.235 [warning] [Decorations] CAPPING events from decorations provider vscode.git 288
2024-10-10 03:08:39.284 [warning] [Decorations] CAPPING events from decorations provider vscode.git 289
2024-10-10 03:08:44.322 [warning] [Decorations] CAPPING events from decorations provider vscode.git 289
2024-10-10 03:08:49.365 [warning] [Decorations] CAPPING events from decorations provider vscode.git 289
2024-10-10 03:08:54.479 [warning] [Decorations] CAPPING events from decorations provider vscode.git 290
2024-10-10 03:09:17.060 [warning] [Decorations] CAPPING events from decorations provider vscode.git 289
2024-10-10 03:09:26.798 [warning] [Decorations] CAPPING events from decorations provider vscode.git 289
2024-10-10 03:09:31.846 [warning] [Decorations] CAPPING events from decorations provider vscode.git 289
2024-10-10 03:09:36.890 [warning] [Decorations] CAPPING events from decorations provider vscode.git 289
2024-10-10 03:09:41.985 [warning] [Decorations] CAPPING events from decorations provider vscode.git 289
2024-10-10 03:09:47.027 [warning] [Decorations] CAPPING events from decorations provider vscode.git 289
2024-10-10 03:09:52.140 [warning] [Decorations] CAPPING events from decorations provider vscode.git 289
2024-10-10 03:09:57.228 [warning] [Decorations] CAPPING events from decorations provider vscode.git 289
2024-10-10 03:10:02.313 [warning] [Decorations] CAPPING events from decorations provider vscode.git 289
2024-10-10 03:10:07.409 [warning] [Decorations] CAPPING events from decorations provider vscode.git 289
2024-10-10 03:10:12.452 [warning] [Decorations] CAPPING events from decorations provider vscode.git 289
2024-10-10 03:10:17.518 [warning] [Decorations] CAPPING events from decorations provider vscode.git 289
2024-10-10 03:10:22.587 [warning] [Decorations] CAPPING events from decorations provider vscode.git 289
2024-10-10 03:10:27.727 [warning] [Decorations] CAPPING events from decorations provider vscode.git 289
2024-10-10 03:10:32.792 [warning] [Decorations] CAPPING events from decorations provider vscode.git 289
2024-10-10 03:10:37.883 [warning] [Decorations] CAPPING events from decorations provider vscode.git 289
2024-10-10 03:10:42.935 [warning] [Decorations] CAPPING events from decorations provider vscode.git 289
2024-10-10 03:10:48.047 [warning] [Decorations] CAPPING events from decorations provider vscode.git 289
2024-10-10 03:10:53.147 [warning] [Decorations] CAPPING events from decorations provider vscode.git 289
2024-10-10 03:10:58.221 [warning] [Decorations] CAPPING events from decorations provider vscode.git 289
2024-10-10 03:11:03.355 [warning] [Decorations] CAPPING events from decorations provider vscode.git 289
2024-10-10 03:11:08.415 [warning] [Decorations] CAPPING events from decorations provider vscode.git 289
2024-10-10 03:11:13.469 [warning] [Decorations] CAPPING events from decorations provider vscode.git 289
2024-10-10 03:11:18.537 [warning] [Decorations] CAPPING events from decorations provider vscode.git 289
2024-10-10 03:11:23.595 [warning] [Decorations] CAPPING events from decorations provider vscode.git 289
2024-10-10 03:11:28.667 [warning] [Decorations] CAPPING events from decorations provider vscode.git 289
2024-10-10 03:11:33.788 [warning] [Decorations] CAPPING events from decorations provider vscode.git 289
2024-10-10 03:11:38.840 [warning] [Decorations] CAPPING events from decorations provider vscode.git 289
2024-10-10 03:11:43.990 [warning] [Decorations] CAPPING events from decorations provider vscode.git 289
2024-10-10 03:11:49.065 [warning] [Decorations] CAPPING events from decorations provider vscode.git 289
2024-10-10 03:11:54.135 [warning] [Decorations] CAPPING events from decorations provider vscode.git 289
2024-10-10 03:11:59.210 [warning] [Decorations] CAPPING events from decorations provider vscode.git 289
2024-10-10 03:12:04.336 [warning] [Decorations] CAPPING events from decorations provider vscode.git 289
2024-10-10 03:12:09.397 [warning] [Decorations] CAPPING events from decorations provider vscode.git 289
2024-10-10 03:12:14.442 [warning] [Decorations] CAPPING events from decorations provider vscode.git 289
2024-10-10 03:12:19.553 [warning] [Decorations] CAPPING events from decorations provider vscode.git 289
2024-10-10 03:12:24.631 [warning] [Decorations] CAPPING events from decorations provider vscode.git 289
2024-10-10 03:12:29.678 [warning] [Decorations] CAPPING events from decorations provider vscode.git 289
2024-10-10 03:12:34.781 [warning] [Decorations] CAPPING events from decorations provider vscode.git 289
2024-10-10 03:12:39.896 [warning] [Decorations] CAPPING events from decorations provider vscode.git 289
2024-10-10 03:12:44.960 [warning] [Decorations] CAPPING events from decorations provider vscode.git 289
2024-10-10 03:12:50.006 [warning] [Decorations] CAPPING events from decorations provider vscode.git 289
2024-10-10 03:12:55.078 [warning] [Decorations] CAPPING events from decorations provider vscode.git 289
2024-10-10 03:13:00.152 [warning] [Decorations] CAPPING events from decorations provider vscode.git 289
2024-10-10 03:13:05.189 [warning] [Decorations] CAPPING events from decorations provider vscode.git 289
2024-10-10 03:13:10.326 [warning] [Decorations] CAPPING events from decorations provider vscode.git 289
2024-10-10 03:13:15.534 [warning] [Decorations] CAPPING events from decorations provider vscode.git 289
2024-10-10 03:13:20.615 [warning] [Decorations] CAPPING events from decorations provider vscode.git 289
2024-10-10 03:13:25.727 [warning] [Decorations] CAPPING events from decorations provider vscode.git 289
2024-10-10 03:13:30.813 [warning] [Decorations] CAPPING events from decorations provider vscode.git 289
2024-10-10 03:13:35.893 [warning] [Decorations] CAPPING events from decorations provider vscode.git 289
2024-10-10 03:13:40.965 [warning] [Decorations] CAPPING events from decorations provider vscode.git 289
2024-10-10 03:13:46.075 [warning] [Decorations] CAPPING events from decorations provider vscode.git 289
2024-10-10 03:13:51.192 [warning] [Decorations] CAPPING events from decorations provider vscode.git 289
2024-10-10 03:13:56.287 [warning] [Decorations] CAPPING events from decorations provider vscode.git 289
2024-10-10 03:14:01.365 [warning] [Decorations] CAPPING events from decorations provider vscode.git 289
2024-10-10 03:14:06.456 [warning] [Decorations] CAPPING events from decorations provider vscode.git 289
2024-10-10 03:14:11.550 [warning] [Decorations] CAPPING events from decorations provider vscode.git 289
2024-10-10 03:14:16.584 [warning] [Decorations] CAPPING events from decorations provider vscode.git 289
2024-10-10 03:14:21.645 [warning] [Decorations] CAPPING events from decorations provider vscode.git 289
2024-10-10 03:14:26.712 [warning] [Decorations] CAPPING events from decorations provider vscode.git 289
2024-10-10 03:14:31.787 [warning] [Decorations] CAPPING events from decorations provider vscode.git 289
2024-10-10 03:14:36.845 [warning] [Decorations] CAPPING events from decorations provider vscode.git 289
2024-10-10 03:14:41.927 [warning] [Decorations] CAPPING events from decorations provider vscode.git 289
2024-10-10 03:14:47.021 [warning] [Decorations] CAPPING events from decorations provider vscode.git 289
2024-10-10 03:14:52.093 [warning] [Decorations] CAPPING events from decorations provider vscode.git 289
2024-10-10 03:14:57.151 [warning] [Decorations] CAPPING events from decorations provider vscode.git 289
2024-10-10 03:15:02.219 [warning] [Decorations] CAPPING events from decorations provider vscode.git 289
2024-10-10 03:15:07.264 [warning] [Decorations] CAPPING events from decorations provider vscode.git 289
2024-10-10 03:15:12.315 [warning] [Decorations] CAPPING events from decorations provider vscode.git 289
2024-10-10 03:15:17.369 [warning] [Decorations] CAPPING events from decorations provider vscode.git 289
2024-10-10 03:15:22.420 [warning] [Decorations] CAPPING events from decorations provider vscode.git 289
2024-10-10 03:15:27.478 [warning] [Decorations] CAPPING events from decorations provider vscode.git 289
2024-10-10 03:15:32.559 [warning] [Decorations] CAPPING events from decorations provider vscode.git 289
2024-10-10 03:15:37.615 [warning] [Decorations] CAPPING events from decorations provider vscode.git 289
2024-10-10 03:15:42.752 [warning] [Decorations] CAPPING events from decorations provider vscode.git 289
2024-10-10 03:15:47.809 [warning] [Decorations] CAPPING events from decorations provider vscode.git 289
2024-10-10 03:15:52.850 [warning] [Decorations] CAPPING events from decorations provider vscode.git 289
2024-10-10 03:15:57.989 [warning] [Decorations] CAPPING events from decorations provider vscode.git 289
2024-10-10 03:16:03.036 [warning] [Decorations] CAPPING events from decorations provider vscode.git 289
2024-10-10 03:16:08.156 [warning] [Decorations] CAPPING events from decorations provider vscode.git 289
2024-10-10 03:16:13.268 [warning] [Decorations] CAPPING events from decorations provider vscode.git 289
2024-10-10 03:16:18.406 [warning] [Decorations] CAPPING events from decorations provider vscode.git 289
2024-10-10 03:16:23.438 [warning] [Decorations] CAPPING events from decorations provider vscode.git 289
2024-10-10 03:16:28.476 [warning] [Decorations] CAPPING events from decorations provider vscode.git 289
2024-10-10 03:16:33.510 [warning] [Decorations] CAPPING events from decorations provider vscode.git 289
2024-10-10 03:16:38.680 [warning] [Decorations] CAPPING events from decorations provider vscode.git 289
2024-10-10 03:16:43.744 [warning] [Decorations] CAPPING events from decorations provider vscode.git 289
2024-10-10 03:16:48.843 [warning] [Decorations] CAPPING events from decorations provider vscode.git 289
2024-10-10 03:16:53.935 [warning] [Decorations] CAPPING events from decorations provider vscode.git 289
2024-10-10 03:16:59.037 [warning] [Decorations] CAPPING events from decorations provider vscode.git 289
2024-10-10 03:17:04.111 [warning] [Decorations] CAPPING events from decorations provider vscode.git 289
2024-10-10 03:17:09.217 [warning] [Decorations] CAPPING events from decorations provider vscode.git 289
2024-10-10 03:17:14.292 [warning] [Decorations] CAPPING events from decorations provider vscode.git 289
2024-10-10 03:17:19.350 [warning] [Decorations] CAPPING events from decorations provider vscode.git 289
2024-10-10 03:17:24.446 [warning] [Decorations] CAPPING events from decorations provider vscode.git 289
2024-10-10 03:17:29.562 [warning] [Decorations] CAPPING events from decorations provider vscode.git 289
2024-10-10 03:17:34.651 [warning] [Decorations] CAPPING events from decorations provider vscode.git 289
2024-10-10 03:17:39.770 [warning] [Decorations] CAPPING events from decorations provider vscode.git 289
2024-10-10 03:17:44.870 [warning] [Decorations] CAPPING events from decorations provider vscode.git 289
