2024-10-09 18:05:14.308 [info] Starting TS Server
2024-10-09 18:05:14.308 [info] Using tsserver from: /usr/share/code/resources/app/extensions/node_modules/typescript/lib/tsserver.js
2024-10-09 18:05:14.308 [info] <syntax> Forking...
2024-10-09 18:05:14.308 [info] <syntax> Starting...
2024-10-09 18:05:14.308 [info] <semantic> Forking...
2024-10-09 18:05:14.308 [info] <semantic> Starting...
2024-10-09 18:05:15.133 [error] TSServer exited. Code: 1. Signal: null
2024-10-09 18:05:15.133 [info] Starting TS Server
2024-10-09 18:05:15.133 [info] Using tsserver from: /usr/share/code/resources/app/extensions/node_modules/typescript/lib/tsserver.js
2024-10-09 18:05:15.133 [info] <syntax> Forking...
2024-10-09 18:05:15.133 [info] <syntax> Starting...
2024-10-09 18:05:15.133 [info] <semantic> Forking...
2024-10-09 18:05:15.133 [info] <semantic> Starting...
2024-10-09 18:05:15.781 [error] TSServer exited. Code: 1. Signal: null
2024-10-09 18:05:15.781 [info] Starting TS Server
2024-10-09 18:05:15.781 [info] Using tsserver from: /usr/share/code/resources/app/extensions/node_modules/typescript/lib/tsserver.js
2024-10-09 18:05:15.781 [info] <syntax> Forking...
2024-10-09 18:05:15.781 [info] <syntax> Starting...
2024-10-09 18:05:15.781 [info] <semantic> Forking...
2024-10-09 18:05:15.781 [info] <semantic> Starting...
2024-10-09 18:05:16.392 [error] TSServer exited. Code: 1. Signal: null
2024-10-09 18:05:16.392 [info] Starting TS Server
2024-10-09 18:05:16.392 [info] Using tsserver from: /usr/share/code/resources/app/extensions/node_modules/typescript/lib/tsserver.js
2024-10-09 18:05:16.392 [info] <syntax> Forking...
2024-10-09 18:05:16.392 [info] <syntax> Starting...
2024-10-09 18:05:16.392 [info] <semantic> Forking...
2024-10-09 18:05:16.392 [info] <semantic> Starting...
2024-10-09 18:05:17.012 [error] TSServer exited. Code: 1. Signal: null
2024-10-09 18:05:17.012 [info] Starting TS Server
2024-10-09 18:05:17.012 [info] Using tsserver from: /usr/share/code/resources/app/extensions/node_modules/typescript/lib/tsserver.js
2024-10-09 18:05:17.012 [info] <syntax> Forking...
2024-10-09 18:05:17.012 [info] <syntax> Starting...
2024-10-09 18:05:17.012 [info] <semantic> Forking...
2024-10-09 18:05:17.012 [info] <semantic> Starting...
2024-10-09 18:05:17.598 [error] TSServer exited. Code: 1. Signal: null
2024-10-09 18:05:17.598 [info] Starting TS Server
2024-10-09 18:05:17.598 [info] Using tsserver from: /usr/share/code/resources/app/extensions/node_modules/typescript/lib/tsserver.js
2024-10-09 18:05:17.598 [info] <syntax> Forking...
2024-10-09 18:05:17.598 [info] <syntax> Starting...
2024-10-09 18:05:17.598 [info] <semantic> Forking...
2024-10-09 18:05:17.598 [info] <semantic> Starting...
2024-10-09 18:05:18.173 [error] TSServer exited. Code: 1. Signal: null
