2024-10-11 13:36:02.356 [error] [/root/.vscode/extensions/ms-azuretools.vscode-docker-1.29.3]: Extension is not compatible with Code 1.91.1. Extension requires: ^1.92.0.
2024-10-11 13:36:02.475 [error] [/root/.vscode/extensions/ms-azuretools.vscode-docker-1.29.3]: Extension is not compatible with Code 1.91.1. Extension requires: ^1.92.0.
2024-10-11 13:36:02.504 [error] [/root/.vscode/extensions/ms-azuretools.vscode-docker-1.29.3]: Extension is not compatible with Code 1.91.1. Extension requires: ^1.92.0.
2024-10-11 13:36:03.292 [error] [/root/.vscode/extensions/ms-azuretools.vscode-docker-1.29.3]: Extension is not compatible with Code 1.91.1. Extension requires: ^1.92.0.
2024-10-11 13:36:04.055 [error] [/root/.vscode/extensions/ms-azuretools.vscode-docker-1.29.3]: Extension is not compatible with Code 1.91.1. Extension requires: ^1.92.0.
2024-10-11 13:36:04.257 [error] [/root/.vscode/extensions/ms-azuretools.vscode-docker-1.29.3]: Extension is not compatible with Code 1.91.1. Extension requires: ^1.92.0.
2024-10-11 13:36:04.378 [error] [/root/.vscode/extensions/ms-azuretools.vscode-docker-1.29.3]: Extension is not compatible with Code 1.91.1. Extension requires: ^1.92.0.
2024-10-11 13:36:04.477 [error] [/root/.vscode/extensions/ms-azuretools.vscode-docker-1.29.3]: Extension is not compatible with Code 1.91.1. Extension requires: ^1.92.0.
2024-10-11 13:36:04.576 [error] [/root/.vscode/extensions/ms-azuretools.vscode-docker-1.29.3]: Extension is not compatible with Code 1.91.1. Extension requires: ^1.92.0.
2024-10-11 13:36:05.489 [error] [/root/.vscode/extensions/ms-azuretools.vscode-docker-1.29.3]: Extension is not compatible with Code 1.91.1. Extension requires: ^1.92.0.
2024-10-11 13:36:05.892 [error] [/root/.vscode/extensions/ms-azuretools.vscode-docker-1.29.3]: Extension is not compatible with Code 1.91.1. Extension requires: ^1.92.0.
2024-10-11 13:36:05.929 [error] [/root/.vscode/extensions/ms-azuretools.vscode-docker-1.29.3]: Extension is not compatible with Code 1.91.1. Extension requires: ^1.92.0.
2024-10-11 13:36:29.733 [info] Getting Manifest... ms-azuretools.vscode-docker
2024-10-11 13:36:29.804 [info] Installing extension: ms-azuretools.vscode-docker {"productVersion":{"version":"1.94.2","date":"2024-10-09T16:12:28.579Z"},"pinned":false,"isApplicationScoped":false,"profileLocation":{"$mid":1,"external":"vscode-userdata:/root/.vscode/extensions/extensions.json","path":"/root/.vscode/extensions/extensions.json","scheme":"vscode-userdata"},"installOnlyNewlyAddedFromExtensionPack":true}
2024-10-11 13:36:30.279 [error] [/root/.vscode/extensions/ms-azuretools.vscode-docker-1.29.3]: Extension is not compatible with Code 1.91.1. Extension requires: ^1.92.0.
2024-10-11 13:36:30.285 [error] Error while installing the extension ms-azuretools.vscode-docker Cannot read the extension from /root/.vscode/extensions/ms-azuretools.vscode-docker-1.29.3 vscode-userdata:/root/.vscode/extensions/extensions.json
2024-10-11 13:36:30.358 [error] [uncaught exception in sharedProcess]: Error: ENOENT: no such file or directory, stat '/root/.vscode/extensions/extensions.json.vsctmp': EntryNotFound (FileSystemError): Error: ENOENT: no such file or directory, stat '/root/.vscode/extensions/extensions.json.vsctmp'
    at h.create (/usr/share/code/resources/app/out/vs/code/node/sharedProcess/sharedProcessMain.js:54:19262)
    at f (/usr/share/code/resources/app/out/vs/code/node/sharedProcess/sharedProcessMain.js:54:19372)
    at P.hb (/usr/share/code/resources/app/out/vs/code/node/sharedProcess/sharedProcessMain.js:59:36571)
    at P.stat (/usr/share/code/resources/app/out/vs/code/node/sharedProcess/sharedProcessMain.js:59:28919)
    at async s.stat (/usr/share/code/resources/app/out/vs/code/node/sharedProcess/sharedProcessMain.js:59:14907)
    at async V.vb (/usr/share/code/resources/app/out/vs/code/node/sharedProcess/sharedProcessMain.js:105:119283)
2024-10-11 13:41:06.033 [error] [/root/.vscode/extensions/ms-azuretools.vscode-docker-1.29.3]: Extension is not compatible with Code 1.91.1. Extension requires: ^1.92.0.
2024-10-11 13:46:06.104 [error] [/root/.vscode/extensions/ms-azuretools.vscode-docker-1.29.3]: Extension is not compatible with Code 1.91.1. Extension requires: ^1.92.0.
2024-10-11 13:51:07.183 [error] [/root/.vscode/extensions/ms-azuretools.vscode-docker-1.29.3]: Extension is not compatible with Code 1.91.1. Extension requires: ^1.92.0.
2024-10-11 13:56:07.290 [error] [/root/.vscode/extensions/ms-azuretools.vscode-docker-1.29.3]: Extension is not compatible with Code 1.91.1. Extension requires: ^1.92.0.
2024-10-11 14:01:07.362 [error] [/root/.vscode/extensions/ms-azuretools.vscode-docker-1.29.3]: Extension is not compatible with Code 1.91.1. Extension requires: ^1.92.0.
2024-10-11 14:06:07.430 [error] [/root/.vscode/extensions/ms-azuretools.vscode-docker-1.29.3]: Extension is not compatible with Code 1.91.1. Extension requires: ^1.92.0.
2024-10-11 14:11:07.477 [error] [/root/.vscode/extensions/ms-azuretools.vscode-docker-1.29.3]: Extension is not compatible with Code 1.91.1. Extension requires: ^1.92.0.
2024-10-11 14:16:07.520 [error] [/root/.vscode/extensions/ms-azuretools.vscode-docker-1.29.3]: Extension is not compatible with Code 1.91.1. Extension requires: ^1.92.0.
2024-10-11 14:21:07.583 [error] [/root/.vscode/extensions/ms-azuretools.vscode-docker-1.29.3]: Extension is not compatible with Code 1.91.1. Extension requires: ^1.92.0.
2024-10-11 14:26:07.643 [error] [/root/.vscode/extensions/ms-azuretools.vscode-docker-1.29.3]: Extension is not compatible with Code 1.91.1. Extension requires: ^1.92.0.
2024-10-11 14:31:07.783 [error] [/root/.vscode/extensions/ms-azuretools.vscode-docker-1.29.3]: Extension is not compatible with Code 1.91.1. Extension requires: ^1.92.0.
2024-10-11 14:36:07.835 [error] [/root/.vscode/extensions/ms-azuretools.vscode-docker-1.29.3]: Extension is not compatible with Code 1.91.1. Extension requires: ^1.92.0.
2024-10-11 14:41:07.927 [error] [/root/.vscode/extensions/ms-azuretools.vscode-docker-1.29.3]: Extension is not compatible with Code 1.91.1. Extension requires: ^1.92.0.
2024-10-11 14:46:07.964 [error] [/root/.vscode/extensions/ms-azuretools.vscode-docker-1.29.3]: Extension is not compatible with Code 1.91.1. Extension requires: ^1.92.0.
2024-10-11 14:51:08.023 [error] [/root/.vscode/extensions/ms-azuretools.vscode-docker-1.29.3]: Extension is not compatible with Code 1.91.1. Extension requires: ^1.92.0.
2024-10-11 14:56:08.109 [error] [/root/.vscode/extensions/ms-azuretools.vscode-docker-1.29.3]: Extension is not compatible with Code 1.91.1. Extension requires: ^1.92.0.
2024-10-11 15:01:08.189 [error] [/root/.vscode/extensions/ms-azuretools.vscode-docker-1.29.3]: Extension is not compatible with Code 1.91.1. Extension requires: ^1.92.0.
2024-10-11 15:06:08.242 [error] [/root/.vscode/extensions/ms-azuretools.vscode-docker-1.29.3]: Extension is not compatible with Code 1.91.1. Extension requires: ^1.92.0.
2024-10-11 15:11:08.383 [error] [/root/.vscode/extensions/ms-azuretools.vscode-docker-1.29.3]: Extension is not compatible with Code 1.91.1. Extension requires: ^1.92.0.
2024-10-11 15:16:08.440 [error] [/root/.vscode/extensions/ms-azuretools.vscode-docker-1.29.3]: Extension is not compatible with Code 1.91.1. Extension requires: ^1.92.0.
2024-10-11 15:21:08.552 [error] [/root/.vscode/extensions/ms-azuretools.vscode-docker-1.29.3]: Extension is not compatible with Code 1.91.1. Extension requires: ^1.92.0.
2024-10-11 15:26:08.655 [error] [/root/.vscode/extensions/ms-azuretools.vscode-docker-1.29.3]: Extension is not compatible with Code 1.91.1. Extension requires: ^1.92.0.
2024-10-11 15:31:08.821 [error] [/root/.vscode/extensions/ms-azuretools.vscode-docker-1.29.3]: Extension is not compatible with Code 1.91.1. Extension requires: ^1.92.0.
2024-10-11 15:36:08.861 [error] [/root/.vscode/extensions/ms-azuretools.vscode-docker-1.29.3]: Extension is not compatible with Code 1.91.1. Extension requires: ^1.92.0.
2024-10-11 15:41:09.042 [error] [/root/.vscode/extensions/ms-azuretools.vscode-docker-1.29.3]: Extension is not compatible with Code 1.91.1. Extension requires: ^1.92.0.
2024-10-11 15:46:09.106 [error] [/root/.vscode/extensions/ms-azuretools.vscode-docker-1.29.3]: Extension is not compatible with Code 1.91.1. Extension requires: ^1.92.0.
2024-10-11 15:51:09.219 [error] [/root/.vscode/extensions/ms-azuretools.vscode-docker-1.29.3]: Extension is not compatible with Code 1.91.1. Extension requires: ^1.92.0.
2024-10-11 15:56:09.334 [error] [/root/.vscode/extensions/ms-azuretools.vscode-docker-1.29.3]: Extension is not compatible with Code 1.91.1. Extension requires: ^1.92.0.
2024-10-11 16:01:09.412 [error] [/root/.vscode/extensions/ms-azuretools.vscode-docker-1.29.3]: Extension is not compatible with Code 1.91.1. Extension requires: ^1.92.0.
2024-10-11 16:06:09.479 [error] [/root/.vscode/extensions/ms-azuretools.vscode-docker-1.29.3]: Extension is not compatible with Code 1.91.1. Extension requires: ^1.92.0.
2024-10-11 16:11:09.544 [error] [/root/.vscode/extensions/ms-azuretools.vscode-docker-1.29.3]: Extension is not compatible with Code 1.91.1. Extension requires: ^1.92.0.
2024-10-11 16:16:09.623 [error] [/root/.vscode/extensions/ms-azuretools.vscode-docker-1.29.3]: Extension is not compatible with Code 1.91.1. Extension requires: ^1.92.0.
2024-10-11 16:21:09.693 [error] [/root/.vscode/extensions/ms-azuretools.vscode-docker-1.29.3]: Extension is not compatible with Code 1.91.1. Extension requires: ^1.92.0.
2024-10-11 16:26:09.773 [error] [/root/.vscode/extensions/ms-azuretools.vscode-docker-1.29.3]: Extension is not compatible with Code 1.91.1. Extension requires: ^1.92.0.
2024-10-11 16:31:09.888 [error] [/root/.vscode/extensions/ms-azuretools.vscode-docker-1.29.3]: Extension is not compatible with Code 1.91.1. Extension requires: ^1.92.0.
2024-10-11 16:36:09.966 [error] [/root/.vscode/extensions/ms-azuretools.vscode-docker-1.29.3]: Extension is not compatible with Code 1.91.1. Extension requires: ^1.92.0.
2024-10-11 16:41:10.024 [error] [/root/.vscode/extensions/ms-azuretools.vscode-docker-1.29.3]: Extension is not compatible with Code 1.91.1. Extension requires: ^1.92.0.
2024-10-11 16:46:10.066 [error] [/root/.vscode/extensions/ms-azuretools.vscode-docker-1.29.3]: Extension is not compatible with Code 1.91.1. Extension requires: ^1.92.0.
2024-10-11 16:51:10.116 [error] [/root/.vscode/extensions/ms-azuretools.vscode-docker-1.29.3]: Extension is not compatible with Code 1.91.1. Extension requires: ^1.92.0.
2024-10-11 16:56:10.182 [error] [/root/.vscode/extensions/ms-azuretools.vscode-docker-1.29.3]: Extension is not compatible with Code 1.91.1. Extension requires: ^1.92.0.
2024-10-11 17:01:10.220 [error] [/root/.vscode/extensions/ms-azuretools.vscode-docker-1.29.3]: Extension is not compatible with Code 1.91.1. Extension requires: ^1.92.0.
2024-10-11 17:06:10.280 [error] [/root/.vscode/extensions/ms-azuretools.vscode-docker-1.29.3]: Extension is not compatible with Code 1.91.1. Extension requires: ^1.92.0.
2024-10-11 17:11:10.320 [error] [/root/.vscode/extensions/ms-azuretools.vscode-docker-1.29.3]: Extension is not compatible with Code 1.91.1. Extension requires: ^1.92.0.
2024-10-11 17:16:10.369 [error] [/root/.vscode/extensions/ms-azuretools.vscode-docker-1.29.3]: Extension is not compatible with Code 1.91.1. Extension requires: ^1.92.0.
2024-10-11 17:21:10.416 [error] [/root/.vscode/extensions/ms-azuretools.vscode-docker-1.29.3]: Extension is not compatible with Code 1.91.1. Extension requires: ^1.92.0.
2024-10-11 17:26:10.483 [error] [/root/.vscode/extensions/ms-azuretools.vscode-docker-1.29.3]: Extension is not compatible with Code 1.91.1. Extension requires: ^1.92.0.
2024-10-11 17:31:10.583 [error] [/root/.vscode/extensions/ms-azuretools.vscode-docker-1.29.3]: Extension is not compatible with Code 1.91.1. Extension requires: ^1.92.0.
2024-10-11 17:36:10.691 [error] [/root/.vscode/extensions/ms-azuretools.vscode-docker-1.29.3]: Extension is not compatible with Code 1.91.1. Extension requires: ^1.92.0.
2024-10-11 17:41:10.728 [error] [/root/.vscode/extensions/ms-azuretools.vscode-docker-1.29.3]: Extension is not compatible with Code 1.91.1. Extension requires: ^1.92.0.
2024-10-11 17:46:10.779 [error] [/root/.vscode/extensions/ms-azuretools.vscode-docker-1.29.3]: Extension is not compatible with Code 1.91.1. Extension requires: ^1.92.0.
2024-10-11 17:51:10.830 [error] [/root/.vscode/extensions/ms-azuretools.vscode-docker-1.29.3]: Extension is not compatible with Code 1.91.1. Extension requires: ^1.92.0.
2024-10-11 17:56:10.916 [error] [/root/.vscode/extensions/ms-azuretools.vscode-docker-1.29.3]: Extension is not compatible with Code 1.91.1. Extension requires: ^1.92.0.
2024-10-11 18:01:11.002 [error] [/root/.vscode/extensions/ms-azuretools.vscode-docker-1.29.3]: Extension is not compatible with Code 1.91.1. Extension requires: ^1.92.0.
